2014/04/15 08:29:46 [error] [exception.CException] exception 'CException' with message 'CAssetManager.basePath "/Library/WebServer/Documents/TiCheck_Server/assets" is invalid. Please make sure the directory exists and is writable by the Web server process.' in /Library/WebServer/Documents/YiiRoot/framework/web/CAssetManager.php:138
Stack trace:
#0 /Library/WebServer/Documents/YiiRoot/framework/web/CAssetManager.php(123): CAssetManager->setBasePath('/Library/WebSer...')
#1 /Library/WebServer/Documents/YiiRoot/framework/web/CAssetManager.php(217): CAssetManager->getBasePath()
#2 /Library/WebServer/Documents/YiiRoot/framework/web/CClientScript.php(510): CAssetManager->publish('/Library/WebSer...')
#3 /Library/WebServer/Documents/YiiRoot/framework/zii/widgets/jui/CJuiWidget.php(98): CClientScript->getCoreScriptUrl()
#4 /Library/WebServer/Documents/YiiRoot/framework/zii/widgets/jui/CJuiWidget.php(81): CJuiWidget->resolvePackagePath()
#5 /Library/WebServer/Documents/YiiRoot/framework/web/CBaseController.php(147): CJuiWidget->init()
#6 /Library/WebServer/Documents/YiiRoot/framework/web/CBaseController.php(172): CBaseController->createWidget('zii.widgets.jui...', Array)
#7 /Library/WebServer/Documents/YiiRoot/framework/gii/generators/model/views/index.php(92): CBaseController->widget('zii.widgets.jui...', Array)
#8 /Library/WebServer/Documents/YiiRoot/framework/web/CBaseController.php(126): require('/Library/WebSer...')
#9 /Library/WebServer/Documents/YiiRoot/framework/web/CBaseController.php(95): CBaseController->renderInternal('/Library/WebSer...', Array, true)
#10 /Library/WebServer/Documents/YiiRoot/framework/web/CController.php(869): CBaseController->renderFile('/Library/WebSer...', Array, true)
#11 /Library/WebServer/Documents/YiiRoot/framework/web/CController.php(782): CController->renderPartial('index', Array, true)
#12 /Library/WebServer/Documents/YiiRoot/framework/gii/CCodeGenerator.php(72): CController->render('index', Array)
#13 /Library/WebServer/Documents/YiiRoot/framework/web/actions/CInlineAction.php(49): CCodeGenerator->actionIndex()
#14 /Library/WebServer/Documents/YiiRoot/framework/web/CController.php(308): CInlineAction->runWithParams(Array)
#15 /Library/WebServer/Documents/YiiRoot/framework/web/CController.php(286): CController->runAction(Object(CInlineAction))
#16 /Library/WebServer/Documents/YiiRoot/framework/web/CController.php(265): CController->runActionWithFilters(Object(CInlineAction), Array)
#17 /Library/WebServer/Documents/YiiRoot/framework/web/CWebApplication.php(282): CController->run('index')
#18 /Library/WebServer/Documents/YiiRoot/framework/web/CWebApplication.php(141): CWebApplication->runController('gii/model/index')
#19 /Library/WebServer/Documents/YiiRoot/framework/base/CApplication.php(180): CWebApplication->processRequest()
#20 /Library/WebServer/Documents/TiCheck_Server/index.php(13): CApplication->run()
#21 {main}
REQUEST_URI=/TiCheck_Server/index.php?r=gii/model/index
---
2014/04/15 08:29:50 [error] [exception.CException] exception 'CException' with message 'CAssetManager.basePath "/Library/WebServer/Documents/TiCheck_Server/assets" is invalid. Please make sure the directory exists and is writable by the Web server process.' in /Library/WebServer/Documents/YiiRoot/framework/web/CAssetManager.php:138
Stack trace:
#0 /Library/WebServer/Documents/YiiRoot/framework/web/CAssetManager.php(123): CAssetManager->setBasePath('/Library/WebSer...')
#1 /Library/WebServer/Documents/YiiRoot/framework/web/CAssetManager.php(217): CAssetManager->getBasePath()
#2 /Library/WebServer/Documents/YiiRoot/framework/gii/GiiModule.php(143): CAssetManager->publish('/Library/WebSer...')
#3 /Library/WebServer/Documents/YiiRoot/framework/base/CComponent.php(111): GiiModule->getAssetsUrl()
#4 /Library/WebServer/Documents/YiiRoot/framework/base/CModule.php(105): CComponent->__get('assetsUrl')
#5 /Library/WebServer/Documents/YiiRoot/framework/gii/views/layouts/main.php(5): CModule->__get('assetsUrl')
#6 /Library/WebServer/Documents/YiiRoot/framework/web/CBaseController.php(126): require('/Library/WebSer...')
#7 /Library/WebServer/Documents/YiiRoot/framework/web/CBaseController.php(95): CBaseController->renderInternal('/Library/WebSer...', Array, true)
#8 /Library/WebServer/Documents/YiiRoot/framework/web/widgets/CContentDecorator.php(76): CBaseController->renderFile('/Library/WebSer...', Array, true)
#9 /Library/WebServer/Documents/YiiRoot/framework/web/widgets/CContentDecorator.php(54): CContentDecorator->decorate('<div class="con...')
#10 /Library/WebServer/Documents/YiiRoot/framework/web/widgets/COutputProcessor.php(44): CContentDecorator->processOutput('<div class="con...')
#11 /Library/WebServer/Documents/YiiRoot/framework/web/CBaseController.php(206): COutputProcessor->run()
#12 /Library/WebServer/Documents/YiiRoot/framework/web/CBaseController.php(300): CBaseController->endWidget('CContentDecorat...')
#13 /Library/WebServer/Documents/YiiRoot/framework/gii/views/layouts/column1.php(7): CBaseController->endContent()
#14 /Library/WebServer/Documents/YiiRoot/framework/web/CBaseController.php(126): require('/Library/WebSer...')
#15 /Library/WebServer/Documents/YiiRoot/framework/web/CBaseController.php(95): CBaseController->renderInternal('/Library/WebSer...', Array, true)
#16 /Library/WebServer/Documents/YiiRoot/framework/web/CController.php(784): CBaseController->renderFile('/Library/WebSer...', Array, true)
#17 /Library/WebServer/Documents/YiiRoot/framework/gii/controllers/DefaultController.php(17): CController->render('index')
#18 /Library/WebServer/Documents/YiiRoot/framework/web/actions/CInlineAction.php(49): DefaultController->actionIndex()
#19 /Library/WebServer/Documents/YiiRoot/framework/web/CController.php(308): CInlineAction->runWithParams(Array)
#20 /Library/WebServer/Documents/YiiRoot/framework/web/CController.php(286): CController->runAction(Object(CInlineAction))
#21 /Library/WebServer/Documents/YiiRoot/framework/web/CController.php(265): CController->runActionWithFilters(Object(CInlineAction), Array)
#22 /Library/WebServer/Documents/YiiRoot/framework/web/CWebApplication.php(282): CController->run('')
#23 /Library/WebServer/Documents/YiiRoot/framework/web/CWebApplication.php(141): CWebApplication->runController('gii')
#24 /Library/WebServer/Documents/YiiRoot/framework/base/CApplication.php(180): CWebApplication->processRequest()
#25 /Library/WebServer/Documents/TiCheck_Server/index.php(13): CApplication->run()
#26 {main}
REQUEST_URI=/TiCheck_Server/index.php?r=gii
---
2014/04/15 08:32:12 [error] [exception.CHttpException.404] exception 'CHttpException' with message 'Unable to resolve the request "user".' in /Library/WebServer/Documents/YiiRoot/framework/web/CWebApplication.php:286
Stack trace:
#0 /Library/WebServer/Documents/YiiRoot/framework/web/CWebApplication.php(141): CWebApplication->runController('user')
#1 /Library/WebServer/Documents/YiiRoot/framework/base/CApplication.php(180): CWebApplication->processRequest()
#2 /Library/WebServer/Documents/TiCheck_Server/index.php(13): CApplication->run()
#3 {main}
REQUEST_URI=/TiCheck_Server/index.php?r=user
---
2014/04/15 08:43:27 [error] [exception.CHttpException.404] exception 'CHttpException' with message 'Unable to resolve the request "user".' in /Library/WebServer/Documents/YiiRoot/framework/web/CWebApplication.php:286
Stack trace:
#0 /Library/WebServer/Documents/YiiRoot/framework/web/CWebApplication.php(141): CWebApplication->runController('user')
#1 /Library/WebServer/Documents/YiiRoot/framework/base/CApplication.php(180): CWebApplication->processRequest()
#2 /Library/WebServer/Documents/TiCheck_Server/index.php(13): CApplication->run()
#3 {main}
REQUEST_URI=/TiCheck_Server/index.php?r=user
---
2014/04/15 08:43:30 [error] [exception.CHttpException.404] exception 'CHttpException' with message 'Unable to resolve the request "user".' in /Library/WebServer/Documents/YiiRoot/framework/web/CWebApplication.php:286
Stack trace:
#0 /Library/WebServer/Documents/YiiRoot/framework/web/CWebApplication.php(141): CWebApplication->runController('user')
#1 /Library/WebServer/Documents/YiiRoot/framework/base/CApplication.php(180): CWebApplication->processRequest()
#2 /Library/WebServer/Documents/TiCheck_Server/index.php(13): CApplication->run()
#3 {main}
REQUEST_URI=/TiCheck_Server/index.php?r=user
---
2014/04/15 08:43:39 [error] [exception.CHttpException.404] exception 'CHttpException' with message 'Unable to resolve the request "user?json_user=mark".' in /Library/WebServer/Documents/YiiRoot/framework/web/CWebApplication.php:286
Stack trace:
#0 /Library/WebServer/Documents/YiiRoot/framework/web/CWebApplication.php(141): CWebApplication->runController('user?json_user=...')
#1 /Library/WebServer/Documents/YiiRoot/framework/base/CApplication.php(180): CWebApplication->processRequest()
#2 /Library/WebServer/Documents/TiCheck_Server/index.php(13): CApplication->run()
#3 {main}
REQUEST_URI=/TiCheck_Server/index.php?r=user?json_user=mark
---
2014/04/15 08:43:45 [error] [exception.CHttpException.404] exception 'CHttpException' with message 'Unable to resolve the request "user".' in /Library/WebServer/Documents/YiiRoot/framework/web/CWebApplication.php:286
Stack trace:
#0 /Library/WebServer/Documents/YiiRoot/framework/web/CWebApplication.php(141): CWebApplication->runController('user')
#1 /Library/WebServer/Documents/YiiRoot/framework/base/CApplication.php(180): CWebApplication->processRequest()
#2 /Library/WebServer/Documents/TiCheck_Server/index.php(13): CApplication->run()
#3 {main}
REQUEST_URI=/TiCheck_Server/index.php?r=user&json_user=mark
---
2014/04/15 08:44:09 [error] [exception.CHttpException.404] exception 'CHttpException' with message 'Unable to resolve the request "User/create".' in /Library/WebServer/Documents/YiiRoot/framework/web/CWebApplication.php:286
Stack trace:
#0 /Library/WebServer/Documents/YiiRoot/framework/web/CWebApplication.php(141): CWebApplication->runController('User/create')
#1 /Library/WebServer/Documents/YiiRoot/framework/base/CApplication.php(180): CWebApplication->processRequest()
#2 /Library/WebServer/Documents/TiCheck_Server/index.php(13): CApplication->run()
#3 {main}
REQUEST_URI=/TiCheck_Server/index.php?r=User/create&json_user=mark
---
2014/04/16 04:02:18 [error] [exception.CHttpException.404] exception 'CHttpException' with message 'Unable to resolve the request "yiit".' in /Library/WebServer/Documents/YiiRoot/framework/web/CWebApplication.php:286
Stack trace:
#0 /Library/WebServer/Documents/YiiRoot/framework/web/CWebApplication.php(141): CWebApplication->runController('yiit')
#1 /Library/WebServer/Documents/YiiRoot/framework/base/CApplication.php(180): CWebApplication->processRequest()
#2 /Library/WebServer/Documents/TiCheck_Server/index.php(13): CApplication->run()
#3 {main}
REQUEST_URI=/TiCheck_Server/index.php?r=yiit
---
2014/04/16 04:02:27 [error] [exception.CHttpException.404] exception 'CHttpException' with message 'Unable to resolve the request "test".' in /Library/WebServer/Documents/YiiRoot/framework/web/CWebApplication.php:286
Stack trace:
#0 /Library/WebServer/Documents/YiiRoot/framework/web/CWebApplication.php(141): CWebApplication->runController('test')
#1 /Library/WebServer/Documents/YiiRoot/framework/base/CApplication.php(180): CWebApplication->processRequest()
#2 /Library/WebServer/Documents/TiCheck_Server/index.php(13): CApplication->run()
#3 {main}
REQUEST_URI=/TiCheck_Server/index.php?r=test
---
2014/04/16 05:00:59 [error] [php] Illegal string offset 'Acount' (/Library/WebServer/Documents/TiCheck_Server/protected/modules/User/controllers/DefaultController.php:16)
Stack trace:
#0 /Library/WebServer/Documents/YiiRoot/framework/web/CController.php(286): DefaultController->runAction()
#1 /Library/WebServer/Documents/YiiRoot/framework/web/CController.php(265): DefaultController->runActionWithFilters()
#2 /Library/WebServer/Documents/YiiRoot/framework/web/CWebApplication.php(282): DefaultController->run()
#3 /Library/WebServer/Documents/YiiRoot/framework/web/CWebApplication.php(141): CWebApplication->runController()
#4 /Library/WebServer/Documents/YiiRoot/framework/base/CApplication.php(180): CWebApplication->processRequest()
#5 /Library/WebServer/Documents/TiCheck_Server/index.php(13): CWebApplication->run()
REQUEST_URI=/TiCheck_Server/index.php?r=User/default/create
in /Library/WebServer/Documents/TiCheck_Server/protected/modules/User/controllers/DefaultController.php (16)
in /Library/WebServer/Documents/TiCheck_Server/index.php (13)
2014/04/16 05:01:26 [error] [php] Illegal string offset 'Acount' (/Library/WebServer/Documents/TiCheck_Server/protected/modules/User/controllers/DefaultController.php:16)
Stack trace:
#0 /Library/WebServer/Documents/YiiRoot/framework/web/CController.php(286): DefaultController->runAction()
#1 /Library/WebServer/Documents/YiiRoot/framework/web/CController.php(265): DefaultController->runActionWithFilters()
#2 /Library/WebServer/Documents/YiiRoot/framework/web/CWebApplication.php(282): DefaultController->run()
#3 /Library/WebServer/Documents/YiiRoot/framework/web/CWebApplication.php(141): CWebApplication->runController()
#4 /Library/WebServer/Documents/YiiRoot/framework/base/CApplication.php(180): CWebApplication->processRequest()
#5 /Library/WebServer/Documents/TiCheck_Server/index.php(13): CWebApplication->run()
REQUEST_URI=/TiCheck_Server/index.php?r=User/default/create
in /Library/WebServer/Documents/TiCheck_Server/protected/modules/User/controllers/DefaultController.php (16)
in /Library/WebServer/Documents/TiCheck_Server/index.php (13)
2014/04/16 05:02:28 [error] [php] Illegal string offset 'Acount' (/Library/WebServer/Documents/TiCheck_Server/protected/modules/User/controllers/DefaultController.php:16)
Stack trace:
#0 /Library/WebServer/Documents/YiiRoot/framework/web/CController.php(286): DefaultController->runAction()
#1 /Library/WebServer/Documents/YiiRoot/framework/web/CController.php(265): DefaultController->runActionWithFilters()
#2 /Library/WebServer/Documents/YiiRoot/framework/web/CWebApplication.php(282): DefaultController->run()
#3 /Library/WebServer/Documents/YiiRoot/framework/web/CWebApplication.php(141): CWebApplication->runController()
#4 /Library/WebServer/Documents/YiiRoot/framework/base/CApplication.php(180): CWebApplication->processRequest()
#5 /Library/WebServer/Documents/TiCheck_Server/index.php(13): CWebApplication->run()
REQUEST_URI=/TiCheck_Server/index.php?r=User/default/create
in /Library/WebServer/Documents/TiCheck_Server/protected/modules/User/controllers/DefaultController.php (16)
in /Library/WebServer/Documents/TiCheck_Server/index.php (13)
2014/04/16 05:03:38 [error] [php] Object of class stdClass could not be converted to string (/Library/WebServer/Documents/TiCheck_Server/protected/modules/User/controllers/DefaultController.php:16)
Stack trace:
#0 /Library/WebServer/Documents/YiiRoot/framework/web/CController.php(286): DefaultController->runAction()
#1 /Library/WebServer/Documents/YiiRoot/framework/web/CController.php(265): DefaultController->runActionWithFilters()
#2 /Library/WebServer/Documents/YiiRoot/framework/web/CWebApplication.php(282): DefaultController->run()
#3 /Library/WebServer/Documents/YiiRoot/framework/web/CWebApplication.php(141): CWebApplication->runController()
#4 /Library/WebServer/Documents/YiiRoot/framework/base/CApplication.php(180): CWebApplication->processRequest()
#5 /Library/WebServer/Documents/TiCheck_Server/index.php(13): CWebApplication->run()
REQUEST_URI=/TiCheck_Server/index.php?r=User/default/create
in /Library/WebServer/Documents/TiCheck_Server/protected/modules/User/controllers/DefaultController.php (16)
in /Library/WebServer/Documents/TiCheck_Server/index.php (13)
2014/04/16 05:19:10 [error] [php] Undefined variable: var_dump (/Library/WebServer/Documents/TiCheck_Server/protected/modules/User/controllers/DefaultController.php:20)
Stack trace:
#0 /Library/WebServer/Documents/YiiRoot/framework/web/CController.php(286): DefaultController->runAction()
#1 /Library/WebServer/Documents/YiiRoot/framework/web/CController.php(265): DefaultController->runActionWithFilters()
#2 /Library/WebServer/Documents/YiiRoot/framework/web/CWebApplication.php(282): DefaultController->run()
#3 /Library/WebServer/Documents/YiiRoot/framework/web/CWebApplication.php(141): CWebApplication->runController()
#4 /Library/WebServer/Documents/YiiRoot/framework/base/CApplication.php(180): CWebApplication->processRequest()
#5 /Library/WebServer/Documents/TiCheck_Server/index.php(13): CWebApplication->run()
REQUEST_URI=/TiCheck_Server/index.php?r=User/default/create
in /Library/WebServer/Documents/TiCheck_Server/protected/modules/User/controllers/DefaultController.php (20)
in /Library/WebServer/Documents/TiCheck_Server/index.php (13)
2014/04/16 06:53:57 [error] [php] Undefined property: stdClass::$Account (/Library/WebServer/Documents/TiCheck_Server/protected/modules/User/controllers/DefaultController.php:57)
Stack trace:
#0 /Library/WebServer/Documents/YiiRoot/framework/web/CController.php(308): CInlineAction->runWithParams()
#1 /Library/WebServer/Documents/YiiRoot/framework/web/CController.php(286): DefaultController->runAction()
#2 /Library/WebServer/Documents/YiiRoot/framework/web/CController.php(265): DefaultController->runActionWithFilters()
#3 /Library/WebServer/Documents/YiiRoot/framework/web/CWebApplication.php(282): DefaultController->run()
#4 /Library/WebServer/Documents/YiiRoot/framework/web/CWebApplication.php(141): CWebApplication->runController()
#5 /Library/WebServer/Documents/YiiRoot/framework/base/CApplication.php(180): CWebApplication->processRequest()
#6 /Library/WebServer/Documents/TiCheck_Server/index.php(13): CWebApplication->run()
REQUEST_URI=/TiCheck_Server/index.php?r=User/default/create
in /Library/WebServer/Documents/TiCheck_Server/protected/modules/User/controllers/DefaultController.php (57)
in /Library/WebServer/Documents/TiCheck_Server/protected/modules/User/controllers/DefaultController.php (17)
in /Library/WebServer/Documents/TiCheck_Server/index.php (13)
2014/04/16 06:54:29 [error] [php] preg_match(): No ending delimiter '^' found (/Library/WebServer/Documents/TiCheck_Server/protected/modules/User/controllers/DefaultController.php:44)
Stack trace:
#0 /Library/WebServer/Documents/TiCheck_Server/protected/modules/User/controllers/DefaultController.php(17): DefaultController->verifyInfo()
#1 /Library/WebServer/Documents/YiiRoot/framework/web/actions/CInlineAction.php(49): DefaultController->actionCreate()
#2 /Library/WebServer/Documents/YiiRoot/framework/web/CController.php(308): CInlineAction->runWithParams()
#3 /Library/WebServer/Documents/YiiRoot/framework/web/CController.php(286): DefaultController->runAction()
#4 /Library/WebServer/Documents/YiiRoot/framework/web/CController.php(265): DefaultController->runActionWithFilters()
#5 /Library/WebServer/Documents/YiiRoot/framework/web/CWebApplication.php(282): DefaultController->run()
#6 /Library/WebServer/Documents/YiiRoot/framework/web/CWebApplication.php(141): CWebApplication->runController()
#7 /Library/WebServer/Documents/YiiRoot/framework/base/CApplication.php(180): CWebApplication->processRequest()
#8 /Library/WebServer/Documents/TiCheck_Server/index.php(13): CWebApplication->run()
REQUEST_URI=/TiCheck_Server/index.php?r=User/default/create
in /Library/WebServer/Documents/TiCheck_Server/protected/modules/User/controllers/DefaultController.php (44)
in /Library/WebServer/Documents/TiCheck_Server/protected/modules/User/controllers/DefaultController.php (57)
in /Library/WebServer/Documents/TiCheck_Server/protected/modules/User/controllers/DefaultController.php (17)
2014/04/16 06:54:44 [error] [php] preg_match(): No ending delimiter '^' found (/Library/WebServer/Documents/TiCheck_Server/protected/modules/User/controllers/DefaultController.php:44)
Stack trace:
#0 /Library/WebServer/Documents/TiCheck_Server/protected/modules/User/controllers/DefaultController.php(17): DefaultController->verifyInfo()
#1 /Library/WebServer/Documents/YiiRoot/framework/web/actions/CInlineAction.php(49): DefaultController->actionCreate()
#2 /Library/WebServer/Documents/YiiRoot/framework/web/CController.php(308): CInlineAction->runWithParams()
#3 /Library/WebServer/Documents/YiiRoot/framework/web/CController.php(286): DefaultController->runAction()
#4 /Library/WebServer/Documents/YiiRoot/framework/web/CController.php(265): DefaultController->runActionWithFilters()
#5 /Library/WebServer/Documents/YiiRoot/framework/web/CWebApplication.php(282): DefaultController->run()
#6 /Library/WebServer/Documents/YiiRoot/framework/web/CWebApplication.php(141): CWebApplication->runController()
#7 /Library/WebServer/Documents/YiiRoot/framework/base/CApplication.php(180): CWebApplication->processRequest()
#8 /Library/WebServer/Documents/TiCheck_Server/index.php(13): CWebApplication->run()
REQUEST_URI=/TiCheck_Server/index.php?r=User/default/create
in /Library/WebServer/Documents/TiCheck_Server/protected/modules/User/controllers/DefaultController.php (44)
in /Library/WebServer/Documents/TiCheck_Server/protected/modules/User/controllers/DefaultController.php (57)
in /Library/WebServer/Documents/TiCheck_Server/protected/modules/User/controllers/DefaultController.php (17)
2014/04/16 07:02:15 [error] [php] preg_match(): Compilation failed: nothing to repeat at offset 5 (/Library/WebServer/Documents/TiCheck_Server/protected/modules/User/controllers/DefaultController.php:60)
Stack trace:
#0 /Library/WebServer/Documents/TiCheck_Server/protected/modules/User/controllers/DefaultController.php(17): DefaultController->verifyInfo()
#1 /Library/WebServer/Documents/YiiRoot/framework/web/actions/CInlineAction.php(49): DefaultController->actionCreate()
#2 /Library/WebServer/Documents/YiiRoot/framework/web/CController.php(308): CInlineAction->runWithParams()
#3 /Library/WebServer/Documents/YiiRoot/framework/web/CController.php(286): DefaultController->runAction()
#4 /Library/WebServer/Documents/YiiRoot/framework/web/CController.php(265): DefaultController->runActionWithFilters()
#5 /Library/WebServer/Documents/YiiRoot/framework/web/CWebApplication.php(282): DefaultController->run()
#6 /Library/WebServer/Documents/YiiRoot/framework/web/CWebApplication.php(141): CWebApplication->runController()
#7 /Library/WebServer/Documents/YiiRoot/framework/base/CApplication.php(180): CWebApplication->processRequest()
#8 /Library/WebServer/Documents/TiCheck_Server/index.php(13): CWebApplication->run()
REQUEST_URI=/TiCheck_Server/index.php?r=User/default/create
in /Library/WebServer/Documents/TiCheck_Server/protected/modules/User/controllers/DefaultController.php (60)
in /Library/WebServer/Documents/TiCheck_Server/protected/modules/User/controllers/DefaultController.php (82)
in /Library/WebServer/Documents/TiCheck_Server/protected/modules/User/controllers/DefaultController.php (17)
2014/04/16 08:04:02 [error] [exception.CException] exception 'CException' with message 'Property "TiUser.account" is not defined.' in /Library/WebServer/Documents/YiiRoot/framework/base/CComponent.php:130
Stack trace:
#0 /Library/WebServer/Documents/YiiRoot/framework/db/ar/CActiveRecord.php(145): CComponent->__get('account')
#1 /Library/WebServer/Documents/TiCheck_Server/protected/modules/User/controllers/DefaultController.php(25): CActiveRecord->__get('account')
#2 /Library/WebServer/Documents/YiiRoot/framework/web/actions/CInlineAction.php(49): DefaultController->actionCreate()
#3 /Library/WebServer/Documents/YiiRoot/framework/web/CController.php(308): CInlineAction->runWithParams(Array)
#4 /Library/WebServer/Documents/YiiRoot/framework/web/CController.php(286): CController->runAction(Object(CInlineAction))
#5 /Library/WebServer/Documents/YiiRoot/framework/web/CController.php(265): CController->runActionWithFilters(Object(CInlineAction), Array)
#6 /Library/WebServer/Documents/YiiRoot/framework/web/CWebApplication.php(282): CController->run('create')
#7 /Library/WebServer/Documents/YiiRoot/framework/web/CWebApplication.php(141): CWebApplication->runController('User/default/cr...')
#8 /Library/WebServer/Documents/YiiRoot/framework/base/CApplication.php(180): CWebApplication->processRequest()
#9 /Library/WebServer/Documents/TiCheck_Server/index.php(13): CApplication->run()
#10 {main}
REQUEST_URI=/TiCheck_Server/index.php?r=User/default/create
---
2014/04/16 08:11:47 [error] [system.db.CDbCommand] CDbCommand::execute() failed: SQLSTATE[23000]: Integrity constraint violation: 1062 Duplicate entry 'hello@gmail.com' for key 'PRIMARY'. The SQL statement executed was: INSERT INTO `TiUser` (`Account`, `Password`, `Email`) VALUES (:yp0, :yp1, :yp2).
in /Library/WebServer/Documents/TiCheck_Server/protected/modules/User/controllers/DefaultController.php (30)
in /Library/WebServer/Documents/TiCheck_Server/index.php (13)
2014/04/16 08:11:47 [error] [exception.CDbException] exception 'CDbException' with message 'CDbCommand failed to execute the SQL statement: SQLSTATE[23000]: Integrity constraint violation: 1062 Duplicate entry 'hello@gmail.com' for key 'PRIMARY'. The SQL statement executed was: INSERT INTO `TiUser` (`Account`, `Password`, `Email`) VALUES (:yp0, :yp1, :yp2)' in /Library/WebServer/Documents/YiiRoot/framework/db/CDbCommand.php:358
Stack trace:
#0 /Library/WebServer/Documents/YiiRoot/framework/db/ar/CActiveRecord.php(1077): CDbCommand->execute()
#1 /Library/WebServer/Documents/YiiRoot/framework/db/ar/CActiveRecord.php(806): CActiveRecord->insert(NULL)
#2 /Library/WebServer/Documents/TiCheck_Server/protected/modules/User/controllers/DefaultController.php(30): CActiveRecord->save()
#3 /Library/WebServer/Documents/YiiRoot/framework/web/actions/CInlineAction.php(49): DefaultController->actionCreate()
#4 /Library/WebServer/Documents/YiiRoot/framework/web/CController.php(308): CInlineAction->runWithParams(Array)
#5 /Library/WebServer/Documents/YiiRoot/framework/web/CController.php(286): CController->runAction(Object(CInlineAction))
#6 /Library/WebServer/Documents/YiiRoot/framework/web/CController.php(265): CController->runActionWithFilters(Object(CInlineAction), Array)
#7 /Library/WebServer/Documents/YiiRoot/framework/web/CWebApplication.php(282): CController->run('create')
#8 /Library/WebServer/Documents/YiiRoot/framework/web/CWebApplication.php(141): CWebApplication->runController('User/default/cr...')
#9 /Library/WebServer/Documents/YiiRoot/framework/base/CApplication.php(180): CWebApplication->processRequest()
#10 /Library/WebServer/Documents/TiCheck_Server/index.php(13): CApplication->run()
#11 {main}
REQUEST_URI=/TiCheck_Server/index.php?r=User/default/create
---
2014/04/16 08:13:18 [error] [system.db.CDbCommand] CDbCommand::execute() failed: SQLSTATE[23000]: Integrity constraint violation: 1062 Duplicate entry 'hello@gmail.com' for key 'PRIMARY'. The SQL statement executed was: INSERT INTO `TiUser` (`Account`, `Password`, `Email`) VALUES (:yp0, :yp1, :yp2).
in /Library/WebServer/Documents/TiCheck_Server/protected/modules/User/controllers/DefaultController.php (32)
in /Library/WebServer/Documents/TiCheck_Server/index.php (13)
2014/04/16 08:13:18 [error] [exception.CHttpException.400] exception 'CHttpException' with message 'Your request is invalid.' in /Library/WebServer/Documents/YiiRoot/framework/web/CController.php:336
Stack trace:
#0 /Library/WebServer/Documents/YiiRoot/framework/web/CController.php(309): CController->invalidActionParams(Object(CInlineAction))
#1 /Library/WebServer/Documents/YiiRoot/framework/web/CController.php(286): CController->runAction(Object(CInlineAction))
#2 /Library/WebServer/Documents/YiiRoot/framework/web/CController.php(265): CController->runActionWithFilters(Object(CInlineAction), Array)
#3 /Library/WebServer/Documents/YiiRoot/framework/web/CWebApplication.php(282): CController->run('create')
#4 /Library/WebServer/Documents/YiiRoot/framework/web/CWebApplication.php(141): CWebApplication->runController('User/default/cr...')
#5 /Library/WebServer/Documents/YiiRoot/framework/base/CApplication.php(180): CWebApplication->processRequest()
#6 /Library/WebServer/Documents/TiCheck_Server/index.php(13): CApplication->run()
#7 {main}
REQUEST_URI=/TiCheck_Server/index.php?r=User/default/create
---
2014/04/16 08:15:10 [error] [system.db.CDbCommand] CDbCommand::execute() failed: SQLSTATE[23000]: Integrity constraint violation: 1062 Duplicate entry 'hello@gmail.com' for key 'PRIMARY'. The SQL statement executed was: INSERT INTO `TiUser` (`Account`, `Password`, `Email`) VALUES (:yp0, :yp1, :yp2).
in /Library/WebServer/Documents/TiCheck_Server/protected/modules/User/controllers/DefaultController.php (32)
in /Library/WebServer/Documents/TiCheck_Server/index.php (13)
2014/04/16 08:15:10 [error] [exception.CHttpException.400] exception 'CHttpException' with message 'Your request is invalid.' in /Library/WebServer/Documents/YiiRoot/framework/web/CController.php:336
Stack trace:
#0 /Library/WebServer/Documents/YiiRoot/framework/web/CController.php(309): CController->invalidActionParams(Object(CInlineAction))
#1 /Library/WebServer/Documents/YiiRoot/framework/web/CController.php(286): CController->runAction(Object(CInlineAction))
#2 /Library/WebServer/Documents/YiiRoot/framework/web/CController.php(265): CController->runActionWithFilters(Object(CInlineAction), Array)
#3 /Library/WebServer/Documents/YiiRoot/framework/web/CWebApplication.php(282): CController->run('create')
#4 /Library/WebServer/Documents/YiiRoot/framework/web/CWebApplication.php(141): CWebApplication->runController('User/default/cr...')
#5 /Library/WebServer/Documents/YiiRoot/framework/base/CApplication.php(180): CWebApplication->processRequest()
#6 /Library/WebServer/Documents/TiCheck_Server/index.php(13): CApplication->run()
#7 {main}
REQUEST_URI=/TiCheck_Server/index.php?r=User/default/create
---
2014/04/16 08:15:15 [error] [system.db.CDbCommand] CDbCommand::execute() failed: SQLSTATE[23000]: Integrity constraint violation: 1062 Duplicate entry 'hello@gmail.com' for key 'PRIMARY'. The SQL statement executed was: INSERT INTO `TiUser` (`Account`, `Password`, `Email`) VALUES (:yp0, :yp1, :yp2).
in /Library/WebServer/Documents/TiCheck_Server/protected/modules/User/controllers/DefaultController.php (32)
in /Library/WebServer/Documents/TiCheck_Server/index.php (13)
2014/04/16 08:15:15 [error] [exception.CHttpException.400] exception 'CHttpException' with message 'Your request is invalid.' in /Library/WebServer/Documents/YiiRoot/framework/web/CController.php:336
Stack trace:
#0 /Library/WebServer/Documents/YiiRoot/framework/web/CController.php(309): CController->invalidActionParams(Object(CInlineAction))
#1 /Library/WebServer/Documents/YiiRoot/framework/web/CController.php(286): CController->runAction(Object(CInlineAction))
#2 /Library/WebServer/Documents/YiiRoot/framework/web/CController.php(265): CController->runActionWithFilters(Object(CInlineAction), Array)
#3 /Library/WebServer/Documents/YiiRoot/framework/web/CWebApplication.php(282): CController->run('create')
#4 /Library/WebServer/Documents/YiiRoot/framework/web/CWebApplication.php(141): CWebApplication->runController('User/default/cr...')
#5 /Library/WebServer/Documents/YiiRoot/framework/base/CApplication.php(180): CWebApplication->processRequest()
#6 /Library/WebServer/Documents/TiCheck_Server/index.php(13): CApplication->run()
#7 {main}
REQUEST_URI=/TiCheck_Server/index.php?r=User/default/create
---
2014/04/16 08:27:35 [error] [system.db.CDbCommand] CDbCommand::execute() failed: SQLSTATE[23000]: Integrity constraint violation: 1062 Duplicate entry 'hello@gmail.com' for key 'PRIMARY'. The SQL statement executed was: INSERT INTO `TiUser` (`Account`, `Password`, `Email`) VALUES (:yp0, :yp1, :yp2).
in /Library/WebServer/Documents/TiCheck_Server/protected/modules/User/controllers/DefaultController.php (32)
in /Library/WebServer/Documents/TiCheck_Server/index.php (13)
2014/04/16 08:27:35 [error] [exception.CHttpException.400] exception 'CHttpException' with message 'Your request is invalid.' in /Library/WebServer/Documents/YiiRoot/framework/web/CController.php:336
Stack trace:
#0 /Library/WebServer/Documents/YiiRoot/framework/web/CController.php(309): CController->invalidActionParams(Object(CInlineAction))
#1 /Library/WebServer/Documents/YiiRoot/framework/web/CController.php(286): CController->runAction(Object(CInlineAction))
#2 /Library/WebServer/Documents/YiiRoot/framework/web/CController.php(265): CController->runActionWithFilters(Object(CInlineAction), Array)
#3 /Library/WebServer/Documents/YiiRoot/framework/web/CWebApplication.php(282): CController->run('create')
#4 /Library/WebServer/Documents/YiiRoot/framework/web/CWebApplication.php(141): CWebApplication->runController('User/default/cr...')
#5 /Library/WebServer/Documents/YiiRoot/framework/base/CApplication.php(180): CWebApplication->processRequest()
#6 /Library/WebServer/Documents/TiCheck_Server/index.php(13): CApplication->run()
#7 {main}
REQUEST_URI=/TiCheck_Server/index.php?r=User/default/create
---
2014/04/16 08:27:37 [error] [system.db.CDbCommand] CDbCommand::execute() failed: SQLSTATE[23000]: Integrity constraint violation: 1062 Duplicate entry 'hello@gmail.com' for key 'PRIMARY'. The SQL statement executed was: INSERT INTO `TiUser` (`Account`, `Password`, `Email`) VALUES (:yp0, :yp1, :yp2).
in /Library/WebServer/Documents/TiCheck_Server/protected/modules/User/controllers/DefaultController.php (32)
in /Library/WebServer/Documents/TiCheck_Server/index.php (13)
2014/04/16 08:27:37 [error] [exception.CHttpException.400] exception 'CHttpException' with message 'Your request is invalid.' in /Library/WebServer/Documents/YiiRoot/framework/web/CController.php:336
Stack trace:
#0 /Library/WebServer/Documents/YiiRoot/framework/web/CController.php(309): CController->invalidActionParams(Object(CInlineAction))
#1 /Library/WebServer/Documents/YiiRoot/framework/web/CController.php(286): CController->runAction(Object(CInlineAction))
#2 /Library/WebServer/Documents/YiiRoot/framework/web/CController.php(265): CController->runActionWithFilters(Object(CInlineAction), Array)
#3 /Library/WebServer/Documents/YiiRoot/framework/web/CWebApplication.php(282): CController->run('create')
#4 /Library/WebServer/Documents/YiiRoot/framework/web/CWebApplication.php(141): CWebApplication->runController('User/default/cr...')
#5 /Library/WebServer/Documents/YiiRoot/framework/base/CApplication.php(180): CWebApplication->processRequest()
#6 /Library/WebServer/Documents/TiCheck_Server/index.php(13): CApplication->run()
#7 {main}
REQUEST_URI=/TiCheck_Server/index.php?r=User/default/create
---
2014/04/16 08:51:08 [error] [php] Missing argument 2 for CActiveRecord::setAttribute(), called in /Library/WebServer/Documents/YiiRoot/framework/base/CComponent.php on line 152 and defined (/Library/WebServer/Documents/YiiRoot/framework/db/ar/CActiveRecord.php:707)
Stack trace:
#0 /Library/WebServer/Documents/TiCheck_Server/protected/modules/User/controllers/CreateController.php(23): TiUser->__set()
#1 /Library/WebServer/Documents/YiiRoot/framework/web/actions/CInlineAction.php(49): CreateController->actionIndex()
#2 /Library/WebServer/Documents/YiiRoot/framework/web/CController.php(308): CInlineAction->runWithParams()
#3 /Library/WebServer/Documents/YiiRoot/framework/web/CController.php(286): CreateController->runAction()
#4 /Library/WebServer/Documents/YiiRoot/framework/web/CController.php(265): CreateController->runActionWithFilters()
#5 /Library/WebServer/Documents/YiiRoot/framework/web/CWebApplication.php(282): CreateController->run()
#6 /Library/WebServer/Documents/YiiRoot/framework/web/CWebApplication.php(141): CWebApplication->runController()
#7 /Library/WebServer/Documents/YiiRoot/framework/base/CApplication.php(180): CWebApplication->processRequest()
#8 /Library/WebServer/Documents/TiCheck_Server/index.php(13): CWebApplication->run()
REQUEST_URI=/TiCheck_Server/index.php?r=User/create
in /Library/WebServer/Documents/TiCheck_Server/protected/modules/User/controllers/CreateController.php (23)
in /Library/WebServer/Documents/TiCheck_Server/index.php (13)
2014/04/16 08:51:36 [warning] [application] Failed to set unsafe attribute "0" of "TiUser".
in /Library/WebServer/Documents/TiCheck_Server/protected/modules/User/controllers/CreateController.php (23)
in /Library/WebServer/Documents/TiCheck_Server/index.php (13)
2014/04/16 08:51:36 [error] [system.db.CDbCommand] CDbCommand::execute() failed: SQLSTATE[23000]: Integrity constraint violation: 1062 Duplicate entry 'hello@icloud.com' for key 'PRIMARY'. The SQL statement executed was: INSERT INTO `TiUser` (`Account`, `Password`, `Email`) VALUES (:yp0, :yp1, :yp2).
in /Library/WebServer/Documents/TiCheck_Server/protected/modules/User/controllers/CreateController.php (33)
in /Library/WebServer/Documents/TiCheck_Server/index.php (13)
2014/04/16 08:51:36 [error] [exception.CHttpException.400] exception 'CHttpException' with message 'Your request is invalid.' in /Library/WebServer/Documents/YiiRoot/framework/web/CController.php:336
Stack trace:
#0 /Library/WebServer/Documents/YiiRoot/framework/web/CController.php(309): CController->invalidActionParams(Object(CInlineAction))
#1 /Library/WebServer/Documents/YiiRoot/framework/web/CController.php(286): CController->runAction(Object(CInlineAction))
#2 /Library/WebServer/Documents/YiiRoot/framework/web/CController.php(265): CController->runActionWithFilters(Object(CInlineAction), Array)
#3 /Library/WebServer/Documents/YiiRoot/framework/web/CWebApplication.php(282): CController->run('')
#4 /Library/WebServer/Documents/YiiRoot/framework/web/CWebApplication.php(141): CWebApplication->runController('User/create')
#5 /Library/WebServer/Documents/YiiRoot/framework/base/CApplication.php(180): CWebApplication->processRequest()
#6 /Library/WebServer/Documents/TiCheck_Server/index.php(13): CApplication->run()
#7 {main}
REQUEST_URI=/TiCheck_Server/index.php?r=User/create
---
2014/04/16 08:52:23 [warning] [application] Failed to set unsafe attribute "0" of "TiUser".
in /Library/WebServer/Documents/TiCheck_Server/protected/modules/User/controllers/CreateController.php (23)
in /Library/WebServer/Documents/TiCheck_Server/index.php (13)
2014/04/16 09:13:25 [warning] [application] Failed to set unsafe attribute "0" of "TiUser".
in /Library/WebServer/Documents/TiCheck_Server/protected/modules/User/controllers/CreateController.php (23)
in /Library/WebServer/Documents/TiCheck_Server/index.php (13)
2014/04/16 09:13:25 [error] [system.db.CDbCommand] CDbCommand::execute() failed: SQLSTATE[23000]: Integrity constraint violation: 1062 Duplicate entry 'ello@icloud.com' for key 'PRIMARY'. The SQL statement executed was: INSERT INTO `TiUser` (`Account`, `Password`, `Email`) VALUES (:yp0, :yp1, :yp2).
in /Library/WebServer/Documents/TiCheck_Server/protected/modules/User/controllers/CreateController.php (33)
in /Library/WebServer/Documents/TiCheck_Server/index.php (13)
2014/04/16 09:13:25 [error] [exception.CHttpException.400] exception 'CHttpException' with message 'Your request is invalid.' in /Library/WebServer/Documents/YiiRoot/framework/web/CController.php:336
Stack trace:
#0 /Library/WebServer/Documents/YiiRoot/framework/web/CController.php(309): CController->invalidActionParams(Object(CInlineAction))
#1 /Library/WebServer/Documents/YiiRoot/framework/web/CController.php(286): CController->runAction(Object(CInlineAction))
#2 /Library/WebServer/Documents/YiiRoot/framework/web/CController.php(265): CController->runActionWithFilters(Object(CInlineAction), Array)
#3 /Library/WebServer/Documents/YiiRoot/framework/web/CWebApplication.php(282): CController->run('')
#4 /Library/WebServer/Documents/YiiRoot/framework/web/CWebApplication.php(141): CWebApplication->runController('User/create')
#5 /Library/WebServer/Documents/YiiRoot/framework/base/CApplication.php(180): CWebApplication->processRequest()
#6 /Library/WebServer/Documents/TiCheck_Server/index.php(13): CApplication->run()
#7 {main}
REQUEST_URI=/TiCheck_Server/index.php?r=User/create
---
2014/04/16 09:13:54 [error] [exception.CHttpException.400] exception 'CHttpException' with message 'Your request is invalid.' in /Library/WebServer/Documents/YiiRoot/framework/web/CController.php:336
Stack trace:
#0 /Library/WebServer/Documents/YiiRoot/framework/web/CController.php(309): CController->invalidActionParams(Object(CInlineAction))
#1 /Library/WebServer/Documents/YiiRoot/framework/web/CController.php(286): CController->runAction(Object(CInlineAction))
#2 /Library/WebServer/Documents/YiiRoot/framework/web/CController.php(265): CController->runActionWithFilters(Object(CInlineAction), Array)
#3 /Library/WebServer/Documents/YiiRoot/framework/web/CWebApplication.php(282): CController->run('')
#4 /Library/WebServer/Documents/YiiRoot/framework/web/CWebApplication.php(141): CWebApplication->runController('User/Login')
#5 /Library/WebServer/Documents/YiiRoot/framework/base/CApplication.php(180): CWebApplication->processRequest()
#6 /Library/WebServer/Documents/TiCheck_Server/index.php(13): CApplication->run()
#7 {main}
REQUEST_URI=/TiCheck_Server/index.php?r=User/Login
---
2014/04/16 09:14:00 [error] [exception.CHttpException.400] exception 'CHttpException' with message 'Your request is invalid.' in /Library/WebServer/Documents/YiiRoot/framework/web/CController.php:336
Stack trace:
#0 /Library/WebServer/Documents/YiiRoot/framework/web/CController.php(309): CController->invalidActionParams(Object(CInlineAction))
#1 /Library/WebServer/Documents/YiiRoot/framework/web/CController.php(286): CController->runAction(Object(CInlineAction))
#2 /Library/WebServer/Documents/YiiRoot/framework/web/CController.php(265): CController->runActionWithFilters(Object(CInlineAction), Array)
#3 /Library/WebServer/Documents/YiiRoot/framework/web/CWebApplication.php(282): CController->run('')
#4 /Library/WebServer/Documents/YiiRoot/framework/web/CWebApplication.php(141): CWebApplication->runController('User/login')
#5 /Library/WebServer/Documents/YiiRoot/framework/base/CApplication.php(180): CWebApplication->processRequest()
#6 /Library/WebServer/Documents/TiCheck_Server/index.php(13): CApplication->run()
#7 {main}
REQUEST_URI=/TiCheck_Server/index.php?r=User/login
---
2014/04/16 09:15:03 [error] [exception.CHttpException.400] exception 'CHttpException' with message 'Your request is invalid.' in /Library/WebServer/Documents/YiiRoot/framework/web/CController.php:336
Stack trace:
#0 /Library/WebServer/Documents/YiiRoot/framework/web/CController.php(309): CController->invalidActionParams(Object(CInlineAction))
#1 /Library/WebServer/Documents/YiiRoot/framework/web/CController.php(286): CController->runAction(Object(CInlineAction))
#2 /Library/WebServer/Documents/YiiRoot/framework/web/CController.php(265): CController->runActionWithFilters(Object(CInlineAction), Array)
#3 /Library/WebServer/Documents/YiiRoot/framework/web/CWebApplication.php(282): CController->run('')
#4 /Library/WebServer/Documents/YiiRoot/framework/web/CWebApplication.php(141): CWebApplication->runController('User/login')
#5 /Library/WebServer/Documents/YiiRoot/framework/base/CApplication.php(180): CWebApplication->processRequest()
#6 /Library/WebServer/Documents/TiCheck_Server/index.php(13): CApplication->run()
#7 {main}
REQUEST_URI=/TiCheck_Server/index.php?r=User/login
---
2014/04/16 09:16:27 [error] [exception.CHttpException.400] exception 'CHttpException' with message 'Your request is invalid.' in /Library/WebServer/Documents/YiiRoot/framework/web/CController.php:336
Stack trace:
#0 /Library/WebServer/Documents/YiiRoot/framework/web/CController.php(309): CController->invalidActionParams(Object(CInlineAction))
#1 /Library/WebServer/Documents/YiiRoot/framework/web/CController.php(286): CController->runAction(Object(CInlineAction))
#2 /Library/WebServer/Documents/YiiRoot/framework/web/CController.php(265): CController->runActionWithFilters(Object(CInlineAction), Array)
#3 /Library/WebServer/Documents/YiiRoot/framework/web/CWebApplication.php(282): CController->run('')
#4 /Library/WebServer/Documents/YiiRoot/framework/web/CWebApplication.php(141): CWebApplication->runController('User/login')
#5 /Library/WebServer/Documents/YiiRoot/framework/base/CApplication.php(180): CWebApplication->processRequest()
#6 /Library/WebServer/Documents/TiCheck_Server/index.php(13): CApplication->run()
#7 {main}
REQUEST_URI=/TiCheck_Server/index.php?r=User/login
---
2014/04/16 09:16:45 [error] [exception.CHttpException.400] exception 'CHttpException' with message 'Your request is invalid.' in /Library/WebServer/Documents/YiiRoot/framework/web/CController.php:336
Stack trace:
#0 /Library/WebServer/Documents/YiiRoot/framework/web/CController.php(309): CController->invalidActionParams(Object(CInlineAction))
#1 /Library/WebServer/Documents/YiiRoot/framework/web/CController.php(286): CController->runAction(Object(CInlineAction))
#2 /Library/WebServer/Documents/YiiRoot/framework/web/CController.php(265): CController->runActionWithFilters(Object(CInlineAction), Array)
#3 /Library/WebServer/Documents/YiiRoot/framework/web/CWebApplication.php(282): CController->run('')
#4 /Library/WebServer/Documents/YiiRoot/framework/web/CWebApplication.php(141): CWebApplication->runController('User/login')
#5 /Library/WebServer/Documents/YiiRoot/framework/base/CApplication.php(180): CWebApplication->processRequest()
#6 /Library/WebServer/Documents/TiCheck_Server/index.php(13): CApplication->run()
#7 {main}
REQUEST_URI=/TiCheck_Server/index.php?r=User/login
---
2014/04/16 09:16:46 [error] [exception.CHttpException.400] exception 'CHttpException' with message 'Your request is invalid.' in /Library/WebServer/Documents/YiiRoot/framework/web/CController.php:336
Stack trace:
#0 /Library/WebServer/Documents/YiiRoot/framework/web/CController.php(309): CController->invalidActionParams(Object(CInlineAction))
#1 /Library/WebServer/Documents/YiiRoot/framework/web/CController.php(286): CController->runAction(Object(CInlineAction))
#2 /Library/WebServer/Documents/YiiRoot/framework/web/CController.php(265): CController->runActionWithFilters(Object(CInlineAction), Array)
#3 /Library/WebServer/Documents/YiiRoot/framework/web/CWebApplication.php(282): CController->run('')
#4 /Library/WebServer/Documents/YiiRoot/framework/web/CWebApplication.php(141): CWebApplication->runController('User/login')
#5 /Library/WebServer/Documents/YiiRoot/framework/base/CApplication.php(180): CWebApplication->processRequest()
#6 /Library/WebServer/Documents/TiCheck_Server/index.php(13): CApplication->run()
#7 {main}
REQUEST_URI=/TiCheck_Server/index.php?r=User/login
---
2014/04/16 09:17:11 [error] [exception.CHttpException.400] exception 'CHttpException' with message 'Your request is invalid.' in /Library/WebServer/Documents/YiiRoot/framework/web/CController.php:336
Stack trace:
#0 /Library/WebServer/Documents/YiiRoot/framework/web/CController.php(309): CController->invalidActionParams(Object(CInlineAction))
#1 /Library/WebServer/Documents/YiiRoot/framework/web/CController.php(286): CController->runAction(Object(CInlineAction))
#2 /Library/WebServer/Documents/YiiRoot/framework/web/CController.php(265): CController->runActionWithFilters(Object(CInlineAction), Array)
#3 /Library/WebServer/Documents/YiiRoot/framework/web/CWebApplication.php(282): CController->run('')
#4 /Library/WebServer/Documents/YiiRoot/framework/web/CWebApplication.php(141): CWebApplication->runController('User/login')
#5 /Library/WebServer/Documents/YiiRoot/framework/base/CApplication.php(180): CWebApplication->processRequest()
#6 /Library/WebServer/Documents/TiCheck_Server/index.php(13): CApplication->run()
#7 {main}
REQUEST_URI=/TiCheck_Server/index.php?r=User/login
---
2014/04/16 09:17:18 [error] [exception.CHttpException.400] exception 'CHttpException' with message 'Your request is invalid.' in /Library/WebServer/Documents/YiiRoot/framework/web/CController.php:336
Stack trace:
#0 /Library/WebServer/Documents/YiiRoot/framework/web/CController.php(309): CController->invalidActionParams(Object(CInlineAction))
#1 /Library/WebServer/Documents/YiiRoot/framework/web/CController.php(286): CController->runAction(Object(CInlineAction))
#2 /Library/WebServer/Documents/YiiRoot/framework/web/CController.php(265): CController->runActionWithFilters(Object(CInlineAction), Array)
#3 /Library/WebServer/Documents/YiiRoot/framework/web/CWebApplication.php(282): CController->run('')
#4 /Library/WebServer/Documents/YiiRoot/framework/web/CWebApplication.php(141): CWebApplication->runController('User/create')
#5 /Library/WebServer/Documents/YiiRoot/framework/base/CApplication.php(180): CWebApplication->processRequest()
#6 /Library/WebServer/Documents/TiCheck_Server/index.php(13): CApplication->run()
#7 {main}
REQUEST_URI=/TiCheck_Server/index.php?r=User/create
---
2014/04/16 09:17:24 [warning] [application] Failed to set unsafe attribute "0" of "TiUser".
in /Library/WebServer/Documents/TiCheck_Server/protected/modules/User/controllers/CreateController.php (23)
in /Library/WebServer/Documents/TiCheck_Server/index.php (13)
2014/04/16 09:17:24 [error] [system.db.CDbCommand] CDbCommand::execute() failed: SQLSTATE[23000]: Integrity constraint violation: 1062 Duplicate entry 'ello@icloud.com' for key 'PRIMARY'. The SQL statement executed was: INSERT INTO `TiUser` (`Account`, `Password`, `Email`) VALUES (:yp0, :yp1, :yp2).
in /Library/WebServer/Documents/TiCheck_Server/protected/modules/User/controllers/CreateController.php (33)
in /Library/WebServer/Documents/TiCheck_Server/index.php (13)
2014/04/16 09:17:24 [error] [exception.CHttpException.400] exception 'CHttpException' with message 'Your request is invalid.' in /Library/WebServer/Documents/YiiRoot/framework/web/CController.php:336
Stack trace:
#0 /Library/WebServer/Documents/YiiRoot/framework/web/CController.php(309): CController->invalidActionParams(Object(CInlineAction))
#1 /Library/WebServer/Documents/YiiRoot/framework/web/CController.php(286): CController->runAction(Object(CInlineAction))
#2 /Library/WebServer/Documents/YiiRoot/framework/web/CController.php(265): CController->runActionWithFilters(Object(CInlineAction), Array)
#3 /Library/WebServer/Documents/YiiRoot/framework/web/CWebApplication.php(282): CController->run('')
#4 /Library/WebServer/Documents/YiiRoot/framework/web/CWebApplication.php(141): CWebApplication->runController('User/create')
#5 /Library/WebServer/Documents/YiiRoot/framework/base/CApplication.php(180): CWebApplication->processRequest()
#6 /Library/WebServer/Documents/TiCheck_Server/index.php(13): CApplication->run()
#7 {main}
REQUEST_URI=/TiCheck_Server/index.php?r=User/create
---
2014/04/16 09:17:25 [warning] [application] Failed to set unsafe attribute "0" of "TiUser".
in /Library/WebServer/Documents/TiCheck_Server/protected/modules/User/controllers/CreateController.php (23)
in /Library/WebServer/Documents/TiCheck_Server/index.php (13)
2014/04/16 09:17:25 [error] [system.db.CDbCommand] CDbCommand::execute() failed: SQLSTATE[23000]: Integrity constraint violation: 1062 Duplicate entry 'ello@icloud.com' for key 'PRIMARY'. The SQL statement executed was: INSERT INTO `TiUser` (`Account`, `Password`, `Email`) VALUES (:yp0, :yp1, :yp2).
in /Library/WebServer/Documents/TiCheck_Server/protected/modules/User/controllers/CreateController.php (33)
in /Library/WebServer/Documents/TiCheck_Server/index.php (13)
2014/04/16 09:17:25 [error] [exception.CHttpException.400] exception 'CHttpException' with message 'Your request is invalid.' in /Library/WebServer/Documents/YiiRoot/framework/web/CController.php:336
Stack trace:
#0 /Library/WebServer/Documents/YiiRoot/framework/web/CController.php(309): CController->invalidActionParams(Object(CInlineAction))
#1 /Library/WebServer/Documents/YiiRoot/framework/web/CController.php(286): CController->runAction(Object(CInlineAction))
#2 /Library/WebServer/Documents/YiiRoot/framework/web/CController.php(265): CController->runActionWithFilters(Object(CInlineAction), Array)
#3 /Library/WebServer/Documents/YiiRoot/framework/web/CWebApplication.php(282): CController->run('')
#4 /Library/WebServer/Documents/YiiRoot/framework/web/CWebApplication.php(141): CWebApplication->runController('User/create')
#5 /Library/WebServer/Documents/YiiRoot/framework/base/CApplication.php(180): CWebApplication->processRequest()
#6 /Library/WebServer/Documents/TiCheck_Server/index.php(13): CApplication->run()
#7 {main}
REQUEST_URI=/TiCheck_Server/index.php?r=User/create
---
2014/04/16 09:18:39 [warning] [application] Failed to set unsafe attribute "0" of "TiUser".
in /Library/WebServer/Documents/TiCheck_Server/protected/modules/User/controllers/CreateController.php (23)
in /Library/WebServer/Documents/TiCheck_Server/index.php (13)
2014/04/16 09:18:39 [error] [system.db.CDbCommand] CDbCommand::execute() failed: SQLSTATE[23000]: Integrity constraint violation: 1062 Duplicate entry 'ello@icloud.com' for key 'PRIMARY'. The SQL statement executed was: INSERT INTO `TiUser` (`Account`, `Password`, `Email`) VALUES (:yp0, :yp1, :yp2).
in /Library/WebServer/Documents/TiCheck_Server/protected/modules/User/controllers/CreateController.php (33)
in /Library/WebServer/Documents/TiCheck_Server/index.php (13)
2014/04/16 09:18:39 [error] [exception.CHttpException.400] exception 'CHttpException' with message 'Your request is invalid.' in /Library/WebServer/Documents/YiiRoot/framework/web/CController.php:336
Stack trace:
#0 /Library/WebServer/Documents/YiiRoot/framework/web/CController.php(309): CController->invalidActionParams(Object(CInlineAction))
#1 /Library/WebServer/Documents/YiiRoot/framework/web/CController.php(286): CController->runAction(Object(CInlineAction))
#2 /Library/WebServer/Documents/YiiRoot/framework/web/CController.php(265): CController->runActionWithFilters(Object(CInlineAction), Array)
#3 /Library/WebServer/Documents/YiiRoot/framework/web/CWebApplication.php(282): CController->run('')
#4 /Library/WebServer/Documents/YiiRoot/framework/web/CWebApplication.php(141): CWebApplication->runController('User/create')
#5 /Library/WebServer/Documents/YiiRoot/framework/base/CApplication.php(180): CWebApplication->processRequest()
#6 /Library/WebServer/Documents/TiCheck_Server/index.php(13): CApplication->run()
#7 {main}
REQUEST_URI=/TiCheck_Server/index.php?r=User/create
---
2014/04/16 09:18:40 [warning] [application] Failed to set unsafe attribute "0" of "TiUser".
in /Library/WebServer/Documents/TiCheck_Server/protected/modules/User/controllers/CreateController.php (23)
in /Library/WebServer/Documents/TiCheck_Server/index.php (13)
2014/04/16 09:18:40 [error] [system.db.CDbCommand] CDbCommand::execute() failed: SQLSTATE[23000]: Integrity constraint violation: 1062 Duplicate entry 'ello@icloud.com' for key 'PRIMARY'. The SQL statement executed was: INSERT INTO `TiUser` (`Account`, `Password`, `Email`) VALUES (:yp0, :yp1, :yp2).
in /Library/WebServer/Documents/TiCheck_Server/protected/modules/User/controllers/CreateController.php (33)
in /Library/WebServer/Documents/TiCheck_Server/index.php (13)
2014/04/16 09:18:40 [error] [exception.CHttpException.400] exception 'CHttpException' with message 'Your request is invalid.' in /Library/WebServer/Documents/YiiRoot/framework/web/CController.php:336
Stack trace:
#0 /Library/WebServer/Documents/YiiRoot/framework/web/CController.php(309): CController->invalidActionParams(Object(CInlineAction))
#1 /Library/WebServer/Documents/YiiRoot/framework/web/CController.php(286): CController->runAction(Object(CInlineAction))
#2 /Library/WebServer/Documents/YiiRoot/framework/web/CController.php(265): CController->runActionWithFilters(Object(CInlineAction), Array)
#3 /Library/WebServer/Documents/YiiRoot/framework/web/CWebApplication.php(282): CController->run('')
#4 /Library/WebServer/Documents/YiiRoot/framework/web/CWebApplication.php(141): CWebApplication->runController('User/create')
#5 /Library/WebServer/Documents/YiiRoot/framework/base/CApplication.php(180): CWebApplication->processRequest()
#6 /Library/WebServer/Documents/TiCheck_Server/index.php(13): CApplication->run()
#7 {main}
REQUEST_URI=/TiCheck_Server/index.php?r=User/create
---
2014/04/16 09:18:56 [warning] [application] Failed to set unsafe attribute "0" of "TiUser".
in /Library/WebServer/Documents/TiCheck_Server/protected/modules/User/controllers/CreateController.php (23)
in /Library/WebServer/Documents/TiCheck_Server/index.php (13)
2014/04/16 09:19:18 [warning] [application] Failed to set unsafe attribute "0" of "TiUser".
in /Library/WebServer/Documents/TiCheck_Server/protected/modules/User/controllers/CreateController.php (23)
in /Library/WebServer/Documents/TiCheck_Server/index.php (13)
2014/04/16 09:19:19 [warning] [application] Failed to set unsafe attribute "0" of "TiUser".
in /Library/WebServer/Documents/TiCheck_Server/protected/modules/User/controllers/CreateController.php (23)
in /Library/WebServer/Documents/TiCheck_Server/index.php (13)
2014/04/16 09:19:20 [warning] [application] Failed to set unsafe attribute "0" of "TiUser".
in /Library/WebServer/Documents/TiCheck_Server/protected/modules/User/controllers/CreateController.php (23)
in /Library/WebServer/Documents/TiCheck_Server/index.php (13)
2014/04/16 09:19:50 [warning] [application] Failed to set unsafe attribute "0" of "TiUser".
in /Library/WebServer/Documents/TiCheck_Server/protected/modules/User/controllers/CreateController.php (23)
in /Library/WebServer/Documents/TiCheck_Server/index.php (13)
2014/04/16 09:20:52 [error] [system.db.CDbCommand] CDbCommand::execute() failed: SQLSTATE[23000]: Integrity constraint violation: 1062 Duplicate entry 'ello@icloud.com' for key 'PRIMARY'. The SQL statement executed was: INSERT INTO `TiUser` (`Account`, `Password`, `Email`) VALUES (:yp0, :yp1, :yp2).
in /Library/WebServer/Documents/TiCheck_Server/protected/modules/User/controllers/CreateController.php (34)
in /Library/WebServer/Documents/TiCheck_Server/index.php (13)
2014/04/16 09:20:52 [error] [exception.CHttpException.400] exception 'CHttpException' with message 'Your request is invalid.' in /Library/WebServer/Documents/YiiRoot/framework/web/CController.php:336
Stack trace:
#0 /Library/WebServer/Documents/YiiRoot/framework/web/CController.php(309): CController->invalidActionParams(Object(CInlineAction))
#1 /Library/WebServer/Documents/YiiRoot/framework/web/CController.php(286): CController->runAction(Object(CInlineAction))
#2 /Library/WebServer/Documents/YiiRoot/framework/web/CController.php(265): CController->runActionWithFilters(Object(CInlineAction), Array)
#3 /Library/WebServer/Documents/YiiRoot/framework/web/CWebApplication.php(282): CController->run('')
#4 /Library/WebServer/Documents/YiiRoot/framework/web/CWebApplication.php(141): CWebApplication->runController('User/create')
#5 /Library/WebServer/Documents/YiiRoot/framework/base/CApplication.php(180): CWebApplication->processRequest()
#6 /Library/WebServer/Documents/TiCheck_Server/index.php(13): CApplication->run()
#7 {main}
REQUEST_URI=/TiCheck_Server/index.php?r=User/create
---
2014/04/16 09:22:50 [warning] [application] Failed to set unsafe attribute "0" of "TiUser".
in /Library/WebServer/Documents/TiCheck_Server/protected/modules/User/controllers/CreateController.php (23)
in /Library/WebServer/Documents/TiCheck_Server/index.php (13)
2014/04/16 09:25:59 [error] [exception.CHttpException.400] exception 'CHttpException' with message 'Your request is invalid.' in /Library/WebServer/Documents/YiiRoot/framework/web/CController.php:336
Stack trace:
#0 /Library/WebServer/Documents/YiiRoot/framework/web/CController.php(309): CController->invalidActionParams(Object(CInlineAction))
#1 /Library/WebServer/Documents/YiiRoot/framework/web/CController.php(286): CController->runAction(Object(CInlineAction))
#2 /Library/WebServer/Documents/YiiRoot/framework/web/CController.php(265): CController->runActionWithFilters(Object(CInlineAction), Array)
#3 /Library/WebServer/Documents/YiiRoot/framework/web/CWebApplication.php(282): CController->run('')
#4 /Library/WebServer/Documents/YiiRoot/framework/web/CWebApplication.php(141): CWebApplication->runController('User/create')
#5 /Library/WebServer/Documents/YiiRoot/framework/base/CApplication.php(180): CWebApplication->processRequest()
#6 /Library/WebServer/Documents/TiCheck_Server/index.php(13): CApplication->run()
#7 {main}
REQUEST_URI=/TiCheck_Server/index.php?r=User/create
---
2014/04/16 09:25:59 [error] [exception.CHttpException.400] exception 'CHttpException' with message 'Your request is invalid.' in /Library/WebServer/Documents/YiiRoot/framework/web/CController.php:336
Stack trace:
#0 /Library/WebServer/Documents/YiiRoot/framework/web/CController.php(309): CController->invalidActionParams(Object(CInlineAction))
#1 /Library/WebServer/Documents/YiiRoot/framework/web/CController.php(286): CController->runAction(Object(CInlineAction))
#2 /Library/WebServer/Documents/YiiRoot/framework/web/CController.php(265): CController->runActionWithFilters(Object(CInlineAction), Array)
#3 /Library/WebServer/Documents/YiiRoot/framework/web/CWebApplication.php(282): CController->run('')
#4 /Library/WebServer/Documents/YiiRoot/framework/web/CWebApplication.php(141): CWebApplication->runController('User/create')
#5 /Library/WebServer/Documents/YiiRoot/framework/base/CApplication.php(180): CWebApplication->processRequest()
#6 /Library/WebServer/Documents/TiCheck_Server/index.php(13): CApplication->run()
#7 {main}
REQUEST_URI=/TiCheck_Server/index.php?r=User/create
---
2014/04/16 09:26:17 [error] [exception.CHttpException.400] exception 'CHttpException' with message 'Your request is invalid.' in /Library/WebServer/Documents/YiiRoot/framework/web/CController.php:336
Stack trace:
#0 /Library/WebServer/Documents/YiiRoot/framework/web/CController.php(309): CController->invalidActionParams(Object(CInlineAction))
#1 /Library/WebServer/Documents/YiiRoot/framework/web/CController.php(286): CController->runAction(Object(CInlineAction))
#2 /Library/WebServer/Documents/YiiRoot/framework/web/CController.php(265): CController->runActionWithFilters(Object(CInlineAction), Array)
#3 /Library/WebServer/Documents/YiiRoot/framework/web/CWebApplication.php(282): CController->run('')
#4 /Library/WebServer/Documents/YiiRoot/framework/web/CWebApplication.php(141): CWebApplication->runController('User/create')
#5 /Library/WebServer/Documents/YiiRoot/framework/base/CApplication.php(180): CWebApplication->processRequest()
#6 /Library/WebServer/Documents/TiCheck_Server/index.php(13): CApplication->run()
#7 {main}
REQUEST_URI=/TiCheck_Server/index.php?r=User/create
---
2014/04/16 09:27:58 [error] [exception.CHttpException.400] exception 'CHttpException' with message 'Your request is invalid.' in /Library/WebServer/Documents/YiiRoot/framework/web/CController.php:336
Stack trace:
#0 /Library/WebServer/Documents/YiiRoot/framework/web/CController.php(309): CController->invalidActionParams(Object(CInlineAction))
#1 /Library/WebServer/Documents/YiiRoot/framework/web/CController.php(286): CController->runAction(Object(CInlineAction))
#2 /Library/WebServer/Documents/YiiRoot/framework/web/CController.php(265): CController->runActionWithFilters(Object(CInlineAction), Array)
#3 /Library/WebServer/Documents/YiiRoot/framework/web/CWebApplication.php(282): CController->run('')
#4 /Library/WebServer/Documents/YiiRoot/framework/web/CWebApplication.php(141): CWebApplication->runController('User/login')
#5 /Library/WebServer/Documents/YiiRoot/framework/base/CApplication.php(180): CWebApplication->processRequest()
#6 /Library/WebServer/Documents/TiCheck_Server/index.php(13): CApplication->run()
#7 {main}
REQUEST_URI=/TiCheck_Server/index.php?r=User/login
---
2014/04/16 09:28:17 [error] [exception.CHttpException.400] exception 'CHttpException' with message 'Your request is invalid.' in /Library/WebServer/Documents/YiiRoot/framework/web/CController.php:336
Stack trace:
#0 /Library/WebServer/Documents/YiiRoot/framework/web/CController.php(309): CController->invalidActionParams(Object(CInlineAction))
#1 /Library/WebServer/Documents/YiiRoot/framework/web/CController.php(286): CController->runAction(Object(CInlineAction))
#2 /Library/WebServer/Documents/YiiRoot/framework/web/CController.php(265): CController->runActionWithFilters(Object(CInlineAction), Array)
#3 /Library/WebServer/Documents/YiiRoot/framework/web/CWebApplication.php(282): CController->run('')
#4 /Library/WebServer/Documents/YiiRoot/framework/web/CWebApplication.php(141): CWebApplication->runController('User/create')
#5 /Library/WebServer/Documents/YiiRoot/framework/base/CApplication.php(180): CWebApplication->processRequest()
#6 /Library/WebServer/Documents/TiCheck_Server/index.php(13): CApplication->run()
#7 {main}
REQUEST_URI=/TiCheck_Server/index.php?r=User/create
---
2014/04/16 09:28:23 [error] [exception.CHttpException.400] exception 'CHttpException' with message 'Your request is invalid.' in /Library/WebServer/Documents/YiiRoot/framework/web/CController.php:336
Stack trace:
#0 /Library/WebServer/Documents/YiiRoot/framework/web/CController.php(309): CController->invalidActionParams(Object(CInlineAction))
#1 /Library/WebServer/Documents/YiiRoot/framework/web/CController.php(286): CController->runAction(Object(CInlineAction))
#2 /Library/WebServer/Documents/YiiRoot/framework/web/CController.php(265): CController->runActionWithFilters(Object(CInlineAction), Array)
#3 /Library/WebServer/Documents/YiiRoot/framework/web/CWebApplication.php(282): CController->run('')
#4 /Library/WebServer/Documents/YiiRoot/framework/web/CWebApplication.php(141): CWebApplication->runController('User/create')
#5 /Library/WebServer/Documents/YiiRoot/framework/base/CApplication.php(180): CWebApplication->processRequest()
#6 /Library/WebServer/Documents/TiCheck_Server/index.php(13): CApplication->run()
#7 {main}
REQUEST_URI=/TiCheck_Server/index.php?r=User/create
---
2014/04/16 09:30:57 [error] [exception.CHttpException.400] exception 'CHttpException' with message 'Your request is invalid.' in /Library/WebServer/Documents/YiiRoot/framework/web/CController.php:336
Stack trace:
#0 /Library/WebServer/Documents/YiiRoot/framework/web/CController.php(309): CController->invalidActionParams(Object(CInlineAction))
#1 /Library/WebServer/Documents/YiiRoot/framework/web/CController.php(286): CController->runAction(Object(CInlineAction))
#2 /Library/WebServer/Documents/YiiRoot/framework/web/CController.php(265): CController->runActionWithFilters(Object(CInlineAction), Array)
#3 /Library/WebServer/Documents/YiiRoot/framework/web/CWebApplication.php(282): CController->run('')
#4 /Library/WebServer/Documents/YiiRoot/framework/web/CWebApplication.php(141): CWebApplication->runController('User/create')
#5 /Library/WebServer/Documents/YiiRoot/framework/base/CApplication.php(180): CWebApplication->processRequest()
#6 /Library/WebServer/Documents/TiCheck_Server/index.php(13): CApplication->run()
#7 {main}
REQUEST_URI=/TiCheck_Server/index.php?r=User/create
---
2014/04/16 09:30:58 [error] [exception.CHttpException.400] exception 'CHttpException' with message 'Your request is invalid.' in /Library/WebServer/Documents/YiiRoot/framework/web/CController.php:336
Stack trace:
#0 /Library/WebServer/Documents/YiiRoot/framework/web/CController.php(309): CController->invalidActionParams(Object(CInlineAction))
#1 /Library/WebServer/Documents/YiiRoot/framework/web/CController.php(286): CController->runAction(Object(CInlineAction))
#2 /Library/WebServer/Documents/YiiRoot/framework/web/CController.php(265): CController->runActionWithFilters(Object(CInlineAction), Array)
#3 /Library/WebServer/Documents/YiiRoot/framework/web/CWebApplication.php(282): CController->run('')
#4 /Library/WebServer/Documents/YiiRoot/framework/web/CWebApplication.php(141): CWebApplication->runController('User/create')
#5 /Library/WebServer/Documents/YiiRoot/framework/base/CApplication.php(180): CWebApplication->processRequest()
#6 /Library/WebServer/Documents/TiCheck_Server/index.php(13): CApplication->run()
#7 {main}
REQUEST_URI=/TiCheck_Server/index.php?r=User/create
---
2014/04/16 09:32:41 [error] [exception.CHttpException.400] exception 'CHttpException' with message 'Your request is invalid.' in /Library/WebServer/Documents/YiiRoot/framework/web/CController.php:336
Stack trace:
#0 /Library/WebServer/Documents/YiiRoot/framework/web/CController.php(309): CController->invalidActionParams(Object(CInlineAction))
#1 /Library/WebServer/Documents/YiiRoot/framework/web/CController.php(286): CController->runAction(Object(CInlineAction))
#2 /Library/WebServer/Documents/YiiRoot/framework/web/CController.php(265): CController->runActionWithFilters(Object(CInlineAction), Array)
#3 /Library/WebServer/Documents/YiiRoot/framework/web/CWebApplication.php(282): CController->run('')
#4 /Library/WebServer/Documents/YiiRoot/framework/web/CWebApplication.php(141): CWebApplication->runController('User/create')
#5 /Library/WebServer/Documents/YiiRoot/framework/base/CApplication.php(180): CWebApplication->processRequest()
#6 /Library/WebServer/Documents/TiCheck_Server/index.php(13): CApplication->run()
#7 {main}
REQUEST_URI=/TiCheck_Server/index.php?r=User/create
---
2014/04/16 09:32:44 [error] [exception.CHttpException.400] exception 'CHttpException' with message 'Your request is invalid.' in /Library/WebServer/Documents/YiiRoot/framework/web/CController.php:336
Stack trace:
#0 /Library/WebServer/Documents/YiiRoot/framework/web/CController.php(309): CController->invalidActionParams(Object(CInlineAction))
#1 /Library/WebServer/Documents/YiiRoot/framework/web/CController.php(286): CController->runAction(Object(CInlineAction))
#2 /Library/WebServer/Documents/YiiRoot/framework/web/CController.php(265): CController->runActionWithFilters(Object(CInlineAction), Array)
#3 /Library/WebServer/Documents/YiiRoot/framework/web/CWebApplication.php(282): CController->run('')
#4 /Library/WebServer/Documents/YiiRoot/framework/web/CWebApplication.php(141): CWebApplication->runController('User/create')
#5 /Library/WebServer/Documents/YiiRoot/framework/base/CApplication.php(180): CWebApplication->processRequest()
#6 /Library/WebServer/Documents/TiCheck_Server/index.php(13): CApplication->run()
#7 {main}
REQUEST_URI=/TiCheck_Server/index.php?r=User/create
---
2014/04/16 09:33:20 [error] [exception.CHttpException.400] exception 'CHttpException' with message 'Your request is invalid.' in /Library/WebServer/Documents/YiiRoot/framework/web/CController.php:336
Stack trace:
#0 /Library/WebServer/Documents/YiiRoot/framework/web/CController.php(309): CController->invalidActionParams(Object(CInlineAction))
#1 /Library/WebServer/Documents/YiiRoot/framework/web/CController.php(286): CController->runAction(Object(CInlineAction))
#2 /Library/WebServer/Documents/YiiRoot/framework/web/CController.php(265): CController->runActionWithFilters(Object(CInlineAction), Array)
#3 /Library/WebServer/Documents/YiiRoot/framework/web/CWebApplication.php(282): CController->run('')
#4 /Library/WebServer/Documents/YiiRoot/framework/web/CWebApplication.php(141): CWebApplication->runController('User/create')
#5 /Library/WebServer/Documents/YiiRoot/framework/base/CApplication.php(180): CWebApplication->processRequest()
#6 /Library/WebServer/Documents/TiCheck_Server/index.php(13): CApplication->run()
#7 {main}
REQUEST_URI=/TiCheck_Server/index.php?r=User/create
---
2014/04/16 09:33:28 [error] [exception.CHttpException.400] exception 'CHttpException' with message 'Your request is invalid.' in /Library/WebServer/Documents/YiiRoot/framework/web/CController.php:336
Stack trace:
#0 /Library/WebServer/Documents/YiiRoot/framework/web/CController.php(309): CController->invalidActionParams(Object(CInlineAction))
#1 /Library/WebServer/Documents/YiiRoot/framework/web/CController.php(286): CController->runAction(Object(CInlineAction))
#2 /Library/WebServer/Documents/YiiRoot/framework/web/CController.php(265): CController->runActionWithFilters(Object(CInlineAction), Array)
#3 /Library/WebServer/Documents/YiiRoot/framework/web/CWebApplication.php(282): CController->run('')
#4 /Library/WebServer/Documents/YiiRoot/framework/web/CWebApplication.php(141): CWebApplication->runController('User/create')
#5 /Library/WebServer/Documents/YiiRoot/framework/base/CApplication.php(180): CWebApplication->processRequest()
#6 /Library/WebServer/Documents/TiCheck_Server/index.php(13): CApplication->run()
#7 {main}
REQUEST_URI=/TiCheck_Server/index.php?r=User/create
---
2014/04/16 09:34:38 [error] [exception.CHttpException.400] exception 'CHttpException' with message 'Your request is invalid.' in /Library/WebServer/Documents/YiiRoot/framework/web/CController.php:336
Stack trace:
#0 /Library/WebServer/Documents/YiiRoot/framework/web/CController.php(309): CController->invalidActionParams(Object(CInlineAction))
#1 /Library/WebServer/Documents/YiiRoot/framework/web/CController.php(286): CController->runAction(Object(CInlineAction))
#2 /Library/WebServer/Documents/YiiRoot/framework/web/CController.php(265): CController->runActionWithFilters(Object(CInlineAction), Array)
#3 /Library/WebServer/Documents/YiiRoot/framework/web/CWebApplication.php(282): CController->run('')
#4 /Library/WebServer/Documents/YiiRoot/framework/web/CWebApplication.php(141): CWebApplication->runController('User/create')
#5 /Library/WebServer/Documents/YiiRoot/framework/base/CApplication.php(180): CWebApplication->processRequest()
#6 /Library/WebServer/Documents/TiCheck_Server/index.php(13): CApplication->run()
#7 {main}
REQUEST_URI=/TiCheck_Server/index.php?r=User/create
---
2014/04/16 09:39:26 [error] [php] Trying to get property of non-object (/Library/WebServer/Documents/TiCheck_Server/protected/modules/User/controllers/CreateController.php:98)
Stack trace:
#0 /Library/WebServer/Documents/YiiRoot/framework/web/CController.php(308): CInlineAction->runWithParams()
#1 /Library/WebServer/Documents/YiiRoot/framework/web/CController.php(286): CreateController->runAction()
#2 /Library/WebServer/Documents/YiiRoot/framework/web/CController.php(265): CreateController->runActionWithFilters()
#3 /Library/WebServer/Documents/YiiRoot/framework/web/CWebApplication.php(282): CreateController->run()
#4 /Library/WebServer/Documents/YiiRoot/framework/web/CWebApplication.php(141): CWebApplication->runController()
#5 /Library/WebServer/Documents/YiiRoot/framework/base/CApplication.php(180): CWebApplication->processRequest()
#6 /Library/WebServer/Documents/TiCheck_Server/index.php(13): CWebApplication->run()
REQUEST_URI=/TiCheck_Server/index.php?r=User/create
in /Library/WebServer/Documents/TiCheck_Server/protected/modules/User/controllers/CreateController.php (98)
in /Library/WebServer/Documents/TiCheck_Server/protected/modules/User/controllers/CreateController.php (17)
in /Library/WebServer/Documents/TiCheck_Server/index.php (13)
2014/04/16 09:41:18 [error] [exception.CException] exception 'CException' with message 'Property "CDbCriteria.0" is not defined.' in /Library/WebServer/Documents/YiiRoot/framework/base/CComponent.php:173
Stack trace:
#0 /Library/WebServer/Documents/YiiRoot/framework/db/schema/CDbCriteria.php(160): CComponent->__set('0', 'Email=:Email')
#1 /Library/WebServer/Documents/YiiRoot/framework/db/schema/CDbCommandBuilder.php(585): CDbCriteria->__construct(Array)
#2 /Library/WebServer/Documents/YiiRoot/framework/db/schema/CDbCommandBuilder.php(661): CDbCommandBuilder->createCriteria(Array, Array)
#3 /Library/WebServer/Documents/YiiRoot/framework/db/ar/CActiveRecord.php(1518): CDbCommandBuilder->createColumnCriteria(Object(CMysqlTableSchema), Array, Array, Array, '`t`.')
#4 /Library/WebServer/Documents/TiCheck_Server/protected/modules/User/controllers/LoginController.php(23): CActiveRecord->findByAttributes(Array, Array, Array)
#5 /Library/WebServer/Documents/YiiRoot/framework/web/actions/CInlineAction.php(49): LoginController->actionIndex()
#6 /Library/WebServer/Documents/YiiRoot/framework/web/CController.php(308): CInlineAction->runWithParams(Array)
#7 /Library/WebServer/Documents/YiiRoot/framework/web/CController.php(286): CController->runAction(Object(CInlineAction))
#8 /Library/WebServer/Documents/YiiRoot/framework/web/CController.php(265): CController->runActionWithFilters(Object(CInlineAction), Array)
#9 /Library/WebServer/Documents/YiiRoot/framework/web/CWebApplication.php(282): CController->run('')
#10 /Library/WebServer/Documents/YiiRoot/framework/web/CWebApplication.php(141): CWebApplication->runController('User/login')
#11 /Library/WebServer/Documents/YiiRoot/framework/base/CApplication.php(180): CWebApplication->processRequest()
#12 /Library/WebServer/Documents/TiCheck_Server/index.php(13): CApplication->run()
#13 {main}
REQUEST_URI=/TiCheck_Server/index.php?r=User/login
---
2014/04/16 09:43:59 [error] [exception.CException] exception 'CException' with message 'Property "CDbCriteria.0" is not defined.' in /Library/WebServer/Documents/YiiRoot/framework/base/CComponent.php:173
Stack trace:
#0 /Library/WebServer/Documents/YiiRoot/framework/db/schema/CDbCriteria.php(160): CComponent->__set('0', 'Email=:Email')
#1 /Library/WebServer/Documents/YiiRoot/framework/db/schema/CDbCommandBuilder.php(585): CDbCriteria->__construct(Array)
#2 /Library/WebServer/Documents/YiiRoot/framework/db/ar/CActiveRecord.php(1455): CDbCommandBuilder->createCriteria(Array, Array)
#3 /Library/WebServer/Documents/TiCheck_Server/protected/modules/User/controllers/LoginController.php(23): CActiveRecord->find(Array, Array)
#4 /Library/WebServer/Documents/YiiRoot/framework/web/actions/CInlineAction.php(49): LoginController->actionIndex()
#5 /Library/WebServer/Documents/YiiRoot/framework/web/CController.php(308): CInlineAction->runWithParams(Array)
#6 /Library/WebServer/Documents/YiiRoot/framework/web/CController.php(286): CController->runAction(Object(CInlineAction))
#7 /Library/WebServer/Documents/YiiRoot/framework/web/CController.php(265): CController->runActionWithFilters(Object(CInlineAction), Array)
#8 /Library/WebServer/Documents/YiiRoot/framework/web/CWebApplication.php(282): CController->run('')
#9 /Library/WebServer/Documents/YiiRoot/framework/web/CWebApplication.php(141): CWebApplication->runController('User/login')
#10 /Library/WebServer/Documents/YiiRoot/framework/base/CApplication.php(180): CWebApplication->processRequest()
#11 /Library/WebServer/Documents/TiCheck_Server/index.php(13): CApplication->run()
#12 {main}
REQUEST_URI=/TiCheck_Server/index.php?r=User/login
---
2014/04/16 09:48:49 [error] [exception.CException] exception 'CException' with message 'Property "CDbCriteria.0" is not defined.' in /Library/WebServer/Documents/YiiRoot/framework/base/CComponent.php:173
Stack trace:
#0 /Library/WebServer/Documents/YiiRoot/framework/db/schema/CDbCriteria.php(160): CComponent->__set('0', 'Email=:Email')
#1 /Library/WebServer/Documents/YiiRoot/framework/db/schema/CDbCommandBuilder.php(585): CDbCriteria->__construct(Array)
#2 /Library/WebServer/Documents/YiiRoot/framework/db/schema/CDbCommandBuilder.php(661): CDbCommandBuilder->createCriteria(Array, Array)
#3 /Library/WebServer/Documents/YiiRoot/framework/db/ar/CActiveRecord.php(1518): CDbCommandBuilder->createColumnCriteria(Object(CMysqlTableSchema), Array, Array, Array, '`t`.')
#4 /Library/WebServer/Documents/TiCheck_Server/protected/modules/User/controllers/LoginController.php(23): CActiveRecord->findByAttributes(Array, Array, Array)
#5 /Library/WebServer/Documents/YiiRoot/framework/web/actions/CInlineAction.php(49): LoginController->actionIndex()
#6 /Library/WebServer/Documents/YiiRoot/framework/web/CController.php(308): CInlineAction->runWithParams(Array)
#7 /Library/WebServer/Documents/YiiRoot/framework/web/CController.php(286): CController->runAction(Object(CInlineAction))
#8 /Library/WebServer/Documents/YiiRoot/framework/web/CController.php(265): CController->runActionWithFilters(Object(CInlineAction), Array)
#9 /Library/WebServer/Documents/YiiRoot/framework/web/CWebApplication.php(282): CController->run('')
#10 /Library/WebServer/Documents/YiiRoot/framework/web/CWebApplication.php(141): CWebApplication->runController('User/login')
#11 /Library/WebServer/Documents/YiiRoot/framework/base/CApplication.php(180): CWebApplication->processRequest()
#12 /Library/WebServer/Documents/TiCheck_Server/index.php(13): CApplication->run()
#13 {main}
REQUEST_URI=/TiCheck_Server/index.php?r=User/login
---
2014/04/16 09:53:39 [error] [exception.CException] exception 'CException' with message 'Property "CDbCriteria.0" is not defined.' in /Library/WebServer/Documents/YiiRoot/framework/base/CComponent.php:173
Stack trace:
#0 /Library/WebServer/Documents/YiiRoot/framework/db/schema/CDbCriteria.php(160): CComponent->__set('0', 'Email=:Email')
#1 /Library/WebServer/Documents/YiiRoot/framework/db/schema/CDbCommandBuilder.php(585): CDbCriteria->__construct(Array)
#2 /Library/WebServer/Documents/YiiRoot/framework/db/ar/CActiveRecord.php(1455): CDbCommandBuilder->createCriteria(Array, Array)
#3 /Library/WebServer/Documents/TiCheck_Server/protected/modules/User/controllers/LoginController.php(23): CActiveRecord->find(Array, Array)
#4 /Library/WebServer/Documents/YiiRoot/framework/web/actions/CInlineAction.php(49): LoginController->actionIndex()
#5 /Library/WebServer/Documents/YiiRoot/framework/web/CController.php(308): CInlineAction->runWithParams(Array)
#6 /Library/WebServer/Documents/YiiRoot/framework/web/CController.php(286): CController->runAction(Object(CInlineAction))
#7 /Library/WebServer/Documents/YiiRoot/framework/web/CController.php(265): CController->runActionWithFilters(Object(CInlineAction), Array)
#8 /Library/WebServer/Documents/YiiRoot/framework/web/CWebApplication.php(282): CController->run('')
#9 /Library/WebServer/Documents/YiiRoot/framework/web/CWebApplication.php(141): CWebApplication->runController('User/login')
#10 /Library/WebServer/Documents/YiiRoot/framework/base/CApplication.php(180): CWebApplication->processRequest()
#11 /Library/WebServer/Documents/TiCheck_Server/index.php(13): CApplication->run()
#12 {main}
REQUEST_URI=/TiCheck_Server/index.php?r=User/login
---
2014/04/16 09:53:57 [error] [exception.CException] exception 'CException' with message 'Property "CDbCriteria.0" is not defined.' in /Library/WebServer/Documents/YiiRoot/framework/base/CComponent.php:173
Stack trace:
#0 /Library/WebServer/Documents/YiiRoot/framework/db/schema/CDbCriteria.php(160): CComponent->__set('0', 'Email=:Email')
#1 /Library/WebServer/Documents/YiiRoot/framework/db/schema/CDbCommandBuilder.php(585): CDbCriteria->__construct(Array)
#2 /Library/WebServer/Documents/YiiRoot/framework/db/ar/CActiveRecord.php(1455): CDbCommandBuilder->createCriteria(Array, Array)
#3 /Library/WebServer/Documents/TiCheck_Server/protected/modules/User/controllers/LoginController.php(23): CActiveRecord->find(Array, Array)
#4 /Library/WebServer/Documents/YiiRoot/framework/web/actions/CInlineAction.php(49): LoginController->actionIndex()
#5 /Library/WebServer/Documents/YiiRoot/framework/web/CController.php(308): CInlineAction->runWithParams(Array)
#6 /Library/WebServer/Documents/YiiRoot/framework/web/CController.php(286): CController->runAction(Object(CInlineAction))
#7 /Library/WebServer/Documents/YiiRoot/framework/web/CController.php(265): CController->runActionWithFilters(Object(CInlineAction), Array)
#8 /Library/WebServer/Documents/YiiRoot/framework/web/CWebApplication.php(282): CController->run('')
#9 /Library/WebServer/Documents/YiiRoot/framework/web/CWebApplication.php(141): CWebApplication->runController('User/login')
#10 /Library/WebServer/Documents/YiiRoot/framework/base/CApplication.php(180): CWebApplication->processRequest()
#11 /Library/WebServer/Documents/TiCheck_Server/index.php(13): CApplication->run()
#12 {main}
REQUEST_URI=/TiCheck_Server/index.php?r=User/login
---
2014/04/16 09:55:59 [error] [exception.CException] exception 'CException' with message 'Property "CDbCriteria.0" is not defined.' in /Library/WebServer/Documents/YiiRoot/framework/base/CComponent.php:173
Stack trace:
#0 /Library/WebServer/Documents/YiiRoot/framework/db/schema/CDbCriteria.php(160): CComponent->__set('0', 'Email=:Email')
#1 /Library/WebServer/Documents/YiiRoot/framework/db/schema/CDbCommandBuilder.php(585): CDbCriteria->__construct(Array)
#2 /Library/WebServer/Documents/YiiRoot/framework/db/ar/CActiveRecord.php(1455): CDbCommandBuilder->createCriteria(Array, Array)
#3 /Library/WebServer/Documents/TiCheck_Server/protected/modules/User/controllers/LoginController.php(23): CActiveRecord->find(Array, Array)
#4 /Library/WebServer/Documents/YiiRoot/framework/web/actions/CInlineAction.php(49): LoginController->actionIndex()
#5 /Library/WebServer/Documents/YiiRoot/framework/web/CController.php(308): CInlineAction->runWithParams(Array)
#6 /Library/WebServer/Documents/YiiRoot/framework/web/CController.php(286): CController->runAction(Object(CInlineAction))
#7 /Library/WebServer/Documents/YiiRoot/framework/web/CController.php(265): CController->runActionWithFilters(Object(CInlineAction), Array)
#8 /Library/WebServer/Documents/YiiRoot/framework/web/CWebApplication.php(282): CController->run('')
#9 /Library/WebServer/Documents/YiiRoot/framework/web/CWebApplication.php(141): CWebApplication->runController('User/login')
#10 /Library/WebServer/Documents/YiiRoot/framework/base/CApplication.php(180): CWebApplication->processRequest()
#11 /Library/WebServer/Documents/TiCheck_Server/index.php(13): CApplication->run()
#12 {main}
REQUEST_URI=/TiCheck_Server/index.php?r=User/login
---
2014/04/16 09:56:01 [error] [exception.CException] exception 'CException' with message 'Property "CDbCriteria.0" is not defined.' in /Library/WebServer/Documents/YiiRoot/framework/base/CComponent.php:173
Stack trace:
#0 /Library/WebServer/Documents/YiiRoot/framework/db/schema/CDbCriteria.php(160): CComponent->__set('0', 'Email=:Email')
#1 /Library/WebServer/Documents/YiiRoot/framework/db/schema/CDbCommandBuilder.php(585): CDbCriteria->__construct(Array)
#2 /Library/WebServer/Documents/YiiRoot/framework/db/ar/CActiveRecord.php(1455): CDbCommandBuilder->createCriteria(Array, Array)
#3 /Library/WebServer/Documents/TiCheck_Server/protected/modules/User/controllers/LoginController.php(23): CActiveRecord->find(Array, Array)
#4 /Library/WebServer/Documents/YiiRoot/framework/web/actions/CInlineAction.php(49): LoginController->actionIndex()
#5 /Library/WebServer/Documents/YiiRoot/framework/web/CController.php(308): CInlineAction->runWithParams(Array)
#6 /Library/WebServer/Documents/YiiRoot/framework/web/CController.php(286): CController->runAction(Object(CInlineAction))
#7 /Library/WebServer/Documents/YiiRoot/framework/web/CController.php(265): CController->runActionWithFilters(Object(CInlineAction), Array)
#8 /Library/WebServer/Documents/YiiRoot/framework/web/CWebApplication.php(282): CController->run('')
#9 /Library/WebServer/Documents/YiiRoot/framework/web/CWebApplication.php(141): CWebApplication->runController('User/login')
#10 /Library/WebServer/Documents/YiiRoot/framework/base/CApplication.php(180): CWebApplication->processRequest()
#11 /Library/WebServer/Documents/TiCheck_Server/index.php(13): CApplication->run()
#12 {main}
REQUEST_URI=/TiCheck_Server/index.php?r=User/login
---
2014/04/16 09:56:02 [error] [exception.CException] exception 'CException' with message 'Property "CDbCriteria.0" is not defined.' in /Library/WebServer/Documents/YiiRoot/framework/base/CComponent.php:173
Stack trace:
#0 /Library/WebServer/Documents/YiiRoot/framework/db/schema/CDbCriteria.php(160): CComponent->__set('0', 'Email=:Email')
#1 /Library/WebServer/Documents/YiiRoot/framework/db/schema/CDbCommandBuilder.php(585): CDbCriteria->__construct(Array)
#2 /Library/WebServer/Documents/YiiRoot/framework/db/ar/CActiveRecord.php(1455): CDbCommandBuilder->createCriteria(Array, Array)
#3 /Library/WebServer/Documents/TiCheck_Server/protected/modules/User/controllers/LoginController.php(23): CActiveRecord->find(Array, Array)
#4 /Library/WebServer/Documents/YiiRoot/framework/web/actions/CInlineAction.php(49): LoginController->actionIndex()
#5 /Library/WebServer/Documents/YiiRoot/framework/web/CController.php(308): CInlineAction->runWithParams(Array)
#6 /Library/WebServer/Documents/YiiRoot/framework/web/CController.php(286): CController->runAction(Object(CInlineAction))
#7 /Library/WebServer/Documents/YiiRoot/framework/web/CController.php(265): CController->runActionWithFilters(Object(CInlineAction), Array)
#8 /Library/WebServer/Documents/YiiRoot/framework/web/CWebApplication.php(282): CController->run('')
#9 /Library/WebServer/Documents/YiiRoot/framework/web/CWebApplication.php(141): CWebApplication->runController('User/login')
#10 /Library/WebServer/Documents/YiiRoot/framework/base/CApplication.php(180): CWebApplication->processRequest()
#11 /Library/WebServer/Documents/TiCheck_Server/index.php(13): CApplication->run()
#12 {main}
REQUEST_URI=/TiCheck_Server/index.php?r=User/login
---
2014/04/16 09:56:03 [error] [exception.CException] exception 'CException' with message 'Property "CDbCriteria.0" is not defined.' in /Library/WebServer/Documents/YiiRoot/framework/base/CComponent.php:173
Stack trace:
#0 /Library/WebServer/Documents/YiiRoot/framework/db/schema/CDbCriteria.php(160): CComponent->__set('0', 'Email=:Email')
#1 /Library/WebServer/Documents/YiiRoot/framework/db/schema/CDbCommandBuilder.php(585): CDbCriteria->__construct(Array)
#2 /Library/WebServer/Documents/YiiRoot/framework/db/ar/CActiveRecord.php(1455): CDbCommandBuilder->createCriteria(Array, Array)
#3 /Library/WebServer/Documents/TiCheck_Server/protected/modules/User/controllers/LoginController.php(23): CActiveRecord->find(Array, Array)
#4 /Library/WebServer/Documents/YiiRoot/framework/web/actions/CInlineAction.php(49): LoginController->actionIndex()
#5 /Library/WebServer/Documents/YiiRoot/framework/web/CController.php(308): CInlineAction->runWithParams(Array)
#6 /Library/WebServer/Documents/YiiRoot/framework/web/CController.php(286): CController->runAction(Object(CInlineAction))
#7 /Library/WebServer/Documents/YiiRoot/framework/web/CController.php(265): CController->runActionWithFilters(Object(CInlineAction), Array)
#8 /Library/WebServer/Documents/YiiRoot/framework/web/CWebApplication.php(282): CController->run('')
#9 /Library/WebServer/Documents/YiiRoot/framework/web/CWebApplication.php(141): CWebApplication->runController('User/login')
#10 /Library/WebServer/Documents/YiiRoot/framework/base/CApplication.php(180): CWebApplication->processRequest()
#11 /Library/WebServer/Documents/TiCheck_Server/index.php(13): CApplication->run()
#12 {main}
REQUEST_URI=/TiCheck_Server/index.php?r=User/login
---
2014/04/16 09:56:13 [error] [exception.CException] exception 'CException' with message 'Property "CDbCriteria.0" is not defined.' in /Library/WebServer/Documents/YiiRoot/framework/base/CComponent.php:173
Stack trace:
#0 /Library/WebServer/Documents/YiiRoot/framework/db/schema/CDbCriteria.php(160): CComponent->__set('0', 'Email=:Email')
#1 /Library/WebServer/Documents/YiiRoot/framework/db/schema/CDbCommandBuilder.php(585): CDbCriteria->__construct(Array)
#2 /Library/WebServer/Documents/YiiRoot/framework/db/ar/CActiveRecord.php(1455): CDbCommandBuilder->createCriteria(Array, Array)
#3 /Library/WebServer/Documents/TiCheck_Server/protected/modules/User/controllers/LoginController.php(23): CActiveRecord->find(Array, Array)
#4 /Library/WebServer/Documents/YiiRoot/framework/web/actions/CInlineAction.php(49): LoginController->actionIndex()
#5 /Library/WebServer/Documents/YiiRoot/framework/web/CController.php(308): CInlineAction->runWithParams(Array)
#6 /Library/WebServer/Documents/YiiRoot/framework/web/CController.php(286): CController->runAction(Object(CInlineAction))
#7 /Library/WebServer/Documents/YiiRoot/framework/web/CController.php(265): CController->runActionWithFilters(Object(CInlineAction), Array)
#8 /Library/WebServer/Documents/YiiRoot/framework/web/CWebApplication.php(282): CController->run('')
#9 /Library/WebServer/Documents/YiiRoot/framework/web/CWebApplication.php(141): CWebApplication->runController('User/login')
#10 /Library/WebServer/Documents/YiiRoot/framework/base/CApplication.php(180): CWebApplication->processRequest()
#11 /Library/WebServer/Documents/TiCheck_Server/index.php(13): CApplication->run()
#12 {main}
REQUEST_URI=/TiCheck_Server/index.php?r=User/login
---
2014/04/16 09:56:23 [error] [exception.CException] exception 'CException' with message 'Property "CDbCriteria.0" is not defined.' in /Library/WebServer/Documents/YiiRoot/framework/base/CComponent.php:173
Stack trace:
#0 /Library/WebServer/Documents/YiiRoot/framework/db/schema/CDbCriteria.php(160): CComponent->__set('0', 'Email=:Email')
#1 /Library/WebServer/Documents/YiiRoot/framework/db/schema/CDbCommandBuilder.php(585): CDbCriteria->__construct(Array)
#2 /Library/WebServer/Documents/YiiRoot/framework/db/schema/CDbCommandBuilder.php(661): CDbCommandBuilder->createCriteria(Array, Array)
#3 /Library/WebServer/Documents/YiiRoot/framework/db/ar/CActiveRecord.php(1518): CDbCommandBuilder->createColumnCriteria(Object(CMysqlTableSchema), Array, Array, Array, '`t`.')
#4 /Library/WebServer/Documents/TiCheck_Server/protected/modules/User/controllers/LoginController.php(23): CActiveRecord->findByAttributes(Array, Array, Array)
#5 /Library/WebServer/Documents/YiiRoot/framework/web/actions/CInlineAction.php(49): LoginController->actionIndex()
#6 /Library/WebServer/Documents/YiiRoot/framework/web/CController.php(308): CInlineAction->runWithParams(Array)
#7 /Library/WebServer/Documents/YiiRoot/framework/web/CController.php(286): CController->runAction(Object(CInlineAction))
#8 /Library/WebServer/Documents/YiiRoot/framework/web/CController.php(265): CController->runActionWithFilters(Object(CInlineAction), Array)
#9 /Library/WebServer/Documents/YiiRoot/framework/web/CWebApplication.php(282): CController->run('')
#10 /Library/WebServer/Documents/YiiRoot/framework/web/CWebApplication.php(141): CWebApplication->runController('User/login')
#11 /Library/WebServer/Documents/YiiRoot/framework/base/CApplication.php(180): CWebApplication->processRequest()
#12 /Library/WebServer/Documents/TiCheck_Server/index.php(13): CApplication->run()
#13 {main}
REQUEST_URI=/TiCheck_Server/index.php?r=User/login
---
2014/04/16 10:19:04 [error] [exception.CDbException] exception 'CDbException' with message 'Table "TiUser" does not have a column named "0".' in /Library/WebServer/Documents/YiiRoot/framework/db/schema/CDbCommandBuilder.php:694
Stack trace:
#0 /Library/WebServer/Documents/YiiRoot/framework/db/ar/CActiveRecord.php(1518): CDbCommandBuilder->createColumnCriteria(Object(CMysqlTableSchema), Array, Object(CDbCriteria), Array, '`t`.')
#1 /Library/WebServer/Documents/TiCheck_Server/protected/modules/User/controllers/LoginController.php(27): CActiveRecord->findByAttributes(Array, Object(CDbCriteria))
#2 /Library/WebServer/Documents/YiiRoot/framework/web/actions/CInlineAction.php(49): LoginController->actionIndex()
#3 /Library/WebServer/Documents/YiiRoot/framework/web/CController.php(308): CInlineAction->runWithParams(Array)
#4 /Library/WebServer/Documents/YiiRoot/framework/web/CController.php(286): CController->runAction(Object(CInlineAction))
#5 /Library/WebServer/Documents/YiiRoot/framework/web/CController.php(265): CController->runActionWithFilters(Object(CInlineAction), Array)
#6 /Library/WebServer/Documents/YiiRoot/framework/web/CWebApplication.php(282): CController->run('')
#7 /Library/WebServer/Documents/YiiRoot/framework/web/CWebApplication.php(141): CWebApplication->runController('User/login')
#8 /Library/WebServer/Documents/YiiRoot/framework/base/CApplication.php(180): CWebApplication->processRequest()
#9 /Library/WebServer/Documents/TiCheck_Server/index.php(13): CApplication->run()
#10 {main}
REQUEST_URI=/TiCheck_Server/index.php?r=User/login
---
2014/04/16 10:28:47 [error] [php] Trying to get property of non-object (/Library/WebServer/Documents/TiCheck_Server/protected/modules/User/controllers/LoginController.php:27)
Stack trace:
#0 /Library/WebServer/Documents/YiiRoot/framework/web/CController.php(286): LoginController->runAction()
#1 /Library/WebServer/Documents/YiiRoot/framework/web/CController.php(265): LoginController->runActionWithFilters()
#2 /Library/WebServer/Documents/YiiRoot/framework/web/CWebApplication.php(282): LoginController->run()
#3 /Library/WebServer/Documents/YiiRoot/framework/web/CWebApplication.php(141): CWebApplication->runController()
#4 /Library/WebServer/Documents/YiiRoot/framework/base/CApplication.php(180): CWebApplication->processRequest()
#5 /Library/WebServer/Documents/TiCheck_Server/index.php(13): CWebApplication->run()
REQUEST_URI=/TiCheck_Server/index.php?r=User/login
in /Library/WebServer/Documents/TiCheck_Server/protected/modules/User/controllers/LoginController.php (27)
in /Library/WebServer/Documents/TiCheck_Server/index.php (13)
